Using pre-set license
Built from '2022.3/staging' branch; Version is '2022.3.8f1 (b5eafc012955) revision 11922172'; Using compiler version '192829333'; Build Type 'Release'
OS: 'Windows 10  (10.0.19045) 64bit Professional' Language: 'fr' Physical Memory: 32437 MB
BatchMode: 1, IsHumanControllingUs: 0, StartBugReporterOnCrash: 0, Is64bit: 1, IsPro: 1

COMMAND LINE ARGUMENTS:
C:\Program Files\Unity\Hub\Editor\2022.3.8f1\Editor\Unity.exe
-adb2
-batchMode
-noUpm
-name
AssetImportWorker2
-projectPath
C:/Users/samfr/Documents/Atelier/CitySkyline3/citySkyline3
-logFile
Logs/AssetImportWorker2.log
-srvPort
55369
Successfully changed project path to: C:/Users/samfr/Documents/Atelier/CitySkyline3/citySkyline3
C:/Users/samfr/Documents/Atelier/CitySkyline3/citySkyline3
[UnityMemory] Configuration Parameters - Can be set up in boot.config
    "memorysetup-bucket-allocator-granularity=16"
    "memorysetup-bucket-allocator-bucket-count=8"
    "memorysetup-bucket-allocator-block-size=33554432"
    "memorysetup-bucket-allocator-block-count=8"
    "memorysetup-main-allocator-block-size=16777216"
    "memorysetup-thread-allocator-block-size=16777216"
    "memorysetup-gfx-main-allocator-block-size=16777216"
    "memorysetup-gfx-thread-allocator-block-size=16777216"
    "memorysetup-cache-allocator-block-size=4194304"
    "memorysetup-typetree-allocator-block-size=2097152"
    "memorysetup-profiler-bucket-allocator-granularity=16"
    "memorysetup-profiler-bucket-allocator-bucket-count=8"
    "memorysetup-profiler-bucket-allocator-block-size=33554432"
    "memorysetup-profiler-bucket-allocator-block-count=8"
    "memorysetup-profiler-allocator-block-size=16777216"
    "memorysetup-profiler-editor-allocator-block-size=1048576"
    "memorysetup-temp-allocator-size-main=16777216"
    "memorysetup-job-temp-allocator-block-size=2097152"
    "memorysetup-job-temp-allocator-block-size-background=1048576"
    "memorysetup-job-temp-allocator-reduction-small-platforms=262144"
    "memorysetup-allocator-temp-initial-block-size-main=262144"
    "memorysetup-allocator-temp-initial-block-size-worker=262144"
    "memorysetup-temp-allocator-size-background-worker=32768"
    "memorysetup-temp-allocator-size-job-worker=262144"
    "memorysetup-temp-allocator-size-preload-manager=33554432"
    "memorysetup-temp-allocator-size-nav-mesh-worker=65536"
    "memorysetup-temp-allocator-size-audio-worker=65536"
    "memorysetup-temp-allocator-size-cloud-worker=32768"
    "memorysetup-temp-allocator-size-gi-baking-worker=262144"
    "memorysetup-temp-allocator-size-gfx=262144"
Player connection [19812] Host "[IP] 192.168.56.1 [Port] 0 [Flags] 2 [Guid] 1134503661 [EditorId] 1134503661 [Version] 1048832 [Id] WindowsEditor(7,sam-frdd-P4B) [Debug] 1 [PackageName] WindowsEditor [ProjectName] Editor" joined multi-casting on [225.0.0.222:54997]...

Player connection [19812] Host "[IP] 192.168.56.1 [Port] 0 [Flags] 2 [Guid] 1134503661 [EditorId] 1134503661 [Version] 1048832 [Id] WindowsEditor(7,sam-frdd-P4B) [Debug] 1 [PackageName] WindowsEditor [ProjectName] Editor" joined alternative multi-casting on [225.0.0.222:34997]...

[Physics::Module] Initialized MultithreadedJobDispatcher with 19 workers.
Refreshing native plugins compatible for Editor in 8.43 ms, found 3 plugins.
Preloading 0 native plugins for Editor in 0.00 ms.
Initialize engine version: 2022.3.8f1 (b5eafc012955)
[Subsystems] Discovering subsystems at path C:/Program Files/Unity/Hub/Editor/2022.3.8f1/Editor/Data/Resources/UnitySubsystems
[Subsystems] Discovering subsystems at path C:/Users/samfr/Documents/Atelier/CitySkyline3/citySkyline3/Assets
GfxDevice: creating device client; threaded=0; jobified=0
Direct3D:
    Version:  Direct3D 11.0 [level 11.1]
    Renderer: NVIDIA T400 4GB (ID=0x1ff2)
    Vendor:   NVIDIA
    VRAM:     3956 MB
    Driver:   31.0.15.3667
Initialize mono
Mono path[0] = 'C:/Program Files/Unity/Hub/Editor/2022.3.8f1/Editor/Data/Managed'
Mono path[1] = 'C:/Program Files/Unity/Hub/Editor/2022.3.8f1/Editor/Data/MonoBleedingEdge/lib/mono/unityjit-win32'
Mono config path = 'C:/Program Files/Unity/Hub/Editor/2022.3.8f1/Editor/Data/MonoBleedingEdge/etc'
Using monoOptions --debugger-agent=transport=dt_socket,embedding=1,server=y,suspend=n,address=127.0.0.1:56552
Begin MonoManager ReloadAssembly
Registering precompiled unity dll's ...
Register platform support module: C:/Program Files/Unity/Hub/Editor/2022.3.8f1/Editor/Data/PlaybackEngines/WindowsStandaloneSupport/UnityEditor.WindowsStandalone.Extensions.dll
Registered in 0.010674 seconds.
- Loaded All Assemblies, in  0.426 seconds
Native extension for WindowsStandalone target not found
Mono: successfully reloaded assembly
- Finished resetting the current domain, in  0.308 seconds
Domain Reload Profiling: 731ms
	BeginReloadAssembly (126ms)
		ExecutionOrderSort (0ms)
		DisableScriptedObjects (0ms)
		BackupInstance (0ms)
		ReleaseScriptingObjects (0ms)
		CreateAndSetChildDomain (1ms)
	RebuildCommonClasses (40ms)
	RebuildNativeTypeToScriptingClass (13ms)
	initialDomainReloadingComplete (92ms)
	LoadAllAssembliesAndSetupDomain (153ms)
		LoadAssemblies (123ms)
		RebuildTransferFunctionScriptingTraits (0ms)
		AnalyzeDomain (151ms)
			TypeCache.Refresh (149ms)
				TypeCache.ScanAssembly (135ms)
			ScanForSourceGeneratedMonoScriptInfo (1ms)
			ResolveRequiredComponents (1ms)
	FinalizeReload (308ms)
		ReleaseScriptCaches (0ms)
		RebuildScriptCaches (0ms)
		SetupLoadedEditorAssemblies (236ms)
			LogAssemblyErrors (0ms)
			InitializePlatformSupportModulesInManaged (12ms)
			SetLoadedEditorAssemblies (9ms)
			RefreshPlugins (0ms)
			BeforeProcessingInitializeOnLoad (3ms)
			ProcessInitializeOnLoadAttributes (155ms)
			ProcessInitializeOnLoadMethodAttributes (58ms)
			AfterProcessingInitializeOnLoad (0ms)
			EditorAssembliesLoaded (0ms)
		ExecutionOrderSort2 (0ms)
		AwakeInstancesAfterBackupRestoration (0ms)
========================================================================
Worker process is ready to serve import requests
Begin MonoManager ReloadAssembly
Symbol file data-000001A5E7E7C1E0 doesn't match image C:\Users\samfr\Documents\Atelier\CitySkyline3\citySkyline3\Library\ScriptAssemblies\Unity.Timeline.dll
Symbol file LoadedFromMemory is not a mono symbol file
Symbol file data-000001A5E7E7F1F0 doesn't match image C:\Users\samfr\Documents\Atelier\CitySkyline3\citySkyline3\Library\ScriptAssemblies\Unity.TestTools.CodeCoverage.Editor.OpenCover.Mono.Reflection.dll
Symbol file LoadedFromMemory is not a mono symbol file
Symbol file data-000001A60ADA1010 doesn't match image C:\Users\samfr\Documents\Atelier\CitySkyline3\citySkyline3\Library\ScriptAssemblies\UnityEngine.UI.dll
Symbol file LoadedFromMemory is not a mono symbol file
Symbol file data-000001A5E79135C0 doesn't match image C:\Users\samfr\Documents\Atelier\CitySkyline3\citySkyline3\Library\ScriptAssemblies\Unity.EditorCoroutines.Editor.dll
Symbol file LoadedFromMemory is not a mono symbol file
Symbol file data-000001A5E7E7F1F0 doesn't match image C:\Users\samfr\Documents\Atelier\CitySkyline3\citySkyline3\Library\ScriptAssemblies\Unity.VisualScripting.SettingsProvider.Editor.dll
Symbol file LoadedFromMemory is not a mono symbol file
Symbol file data-000001A60ADFE010 doesn't match image C:\Users\samfr\Documents\Atelier\CitySkyline3\citySkyline3\Library\ScriptAssemblies\Unity.Performance.Profile-Analyzer.Editor.dll
Symbol file LoadedFromMemory is not a mono symbol file
Symbol file data-000001A5E7E7F1F0 doesn't match image C:\Users\samfr\Documents\Atelier\CitySkyline3\citySkyline3\Library\ScriptAssemblies\Unity.TestTools.CodeCoverage.Editor.dll
Symbol file LoadedFromMemory is not a mono symbol file
Symbol file data-000001A5E7E7F1F0 doesn't match image C:\Users\samfr\Documents\Atelier\CitySkyline3\citySkyline3\Library\ScriptAssemblies\Unity.TestTools.CodeCoverage.Editor.OpenCover.Model.dll
Symbol file LoadedFromMemory is not a mono symbol file
Symbol file data-000001A5E8000020 doesn't match image C:\Users\samfr\Documents\Atelier\CitySkyline3\citySkyline3\Library\ScriptAssemblies\Unity.PlasticSCM.Editor.dll
Symbol file LoadedFromMemory is not a mono symbol file
Symbol file data-000001A5E7E7F1F0 doesn't match image C:\Users\samfr\Documents\Atelier\CitySkyline3\citySkyline3\Library\ScriptAssemblies\UnityEngine.TestRunner.dll
Symbol file LoadedFromMemory is not a mono symbol file
Symbol file data-000001A60AE40030 doesn't match image C:\Users\samfr\Documents\Atelier\CitySkyline3\citySkyline3\Library\ScriptAssemblies\Unity.VisualScripting.State.Editor.dll
Symbol file LoadedFromMemory is not a mono symbol file
Symbol file data-000001A5E7EF0010 doesn't match image C:\Users\samfr\Documents\Atelier\CitySkyline3\citySkyline3\Library\ScriptAssemblies\Unity.Timeline.Editor.dll
Symbol file LoadedFromMemory is not a mono symbol file
Symbol file data-000001A5E7E7F1F0 doesn't match image C:\Users\samfr\Documents\Atelier\CitySkyline3\citySkyline3\Library\ScriptAssemblies\Unity.Settings.Editor.dll
Symbol file LoadedFromMemory is not a mono symbol file
Symbol file data-000001A5E7E7F1F0 doesn't match image C:\Users\samfr\Documents\Atelier\CitySkyline3\citySkyline3\Library\ScriptAssemblies\Unity.VisualScripting.Shared.Editor.dll
Symbol file LoadedFromMemory is not a mono symbol file
Symbol file data-000001A5E7E7F1F0 doesn't match image C:\Users\samfr\Documents\Atelier\CitySkyline3\citySkyline3\Library\ScriptAssemblies\Unity.CollabProxy.Editor.dll
Symbol file LoadedFromMemory is not a mono symbol file
Symbol file data-000001A5E7E7F1F0 doesn't match image C:\Users\samfr\Documents\Atelier\CitySkyline3\citySkyline3\Library\ScriptAssemblies\Unity.VisualStudio.Editor.dll
Symbol file LoadedFromMemory is not a mono symbol file
Symbol file data-000001A5E8018830 doesn't match image C:\Users\samfr\Documents\Atelier\CitySkyline3\citySkyline3\Library\ScriptAssemblies\Unity.TextMeshPro.dll
Symbol file LoadedFromMemory is not a mono symbol file
Symbol file data-000001A5E7EF0010 doesn't match image C:\Users\samfr\Documents\Atelier\CitySkyline3\citySkyline3\Library\ScriptAssemblies\Unity.VisualScripting.Core.dll
Symbol file LoadedFromMemory is not a mono symbol file
Symbol file data-000001A5E8018830 doesn't match image C:\Users\samfr\Documents\Atelier\CitySkyline3\citySkyline3\Library\ScriptAssemblies\Unity.TextMeshPro.Editor.dll
Symbol file LoadedFromMemory is not a mono symbol file
Symbol file data-000001A5E7E7F1F0 doesn't match image C:\Users\samfr\Documents\Atelier\CitySkyline3\citySkyline3\Library\ScriptAssemblies\UnityEditor.UI.dll
Symbol file LoadedFromMemory is not a mono symbol file
Symbol file data-000001A5E718D010 doesn't match image C:\Users\samfr\Documents\Atelier\CitySkyline3\citySkyline3\Library\ScriptAssemblies\Unity.VisualScripting.Core.Editor.dll
Symbol file LoadedFromMemory is not a mono symbol file
Symbol file data-000001A5E7EF0010 doesn't match image C:\Users\samfr\Documents\Atelier\CitySkyline3\citySkyline3\Library\ScriptAssemblies\Unity.Rider.Editor.dll
Symbol file LoadedFromMemory is not a mono symbol file
Symbol file data-000001A5E7EF0010 doesn't match image C:\Users\samfr\Documents\Atelier\CitySkyline3\citySkyline3\Library\ScriptAssemblies\Unity.VisualScripting.State.dll
Symbol file LoadedFromMemory is not a mono symbol file
Symbol file data-000001A5E7EFBE20 doesn't match image C:\Users\samfr\Documents\Atelier\CitySkyline3\citySkyline3\Library\ScriptAssemblies\Unity.VSCode.Editor.dll
Symbol file LoadedFromMemory is not a mono symbol file
Symbol file data-000001A5E7BD7020 doesn't match image C:\Users\samfr\Documents\Atelier\CitySkyline3\citySkyline3\Library\ScriptAssemblies\UnityEditor.TestRunner.dll
Symbol file LoadedFromMemory is not a mono symbol file
Symbol file data-000001A5E7BD7020 doesn't match image C:\Users\samfr\Documents\Atelier\CitySkyline3\citySkyline3\Library\ScriptAssemblies\Unity.VisualScripting.Flow.dll
Symbol file LoadedFromMemory is not a mono symbol file
Symbol file data-000001A60A04B010 doesn't match image C:\Users\samfr\Documents\Atelier\CitySkyline3\citySkyline3\Library\ScriptAssemblies\Unity.VisualScripting.Flow.Editor.dll
Symbol file LoadedFromMemory is not a mono symbol file
- Loaded All Assemblies, in  0.783 seconds
Refreshing native plugins compatible for Editor in 3.41 ms, found 3 plugins.
Native extension for WindowsStandalone target not found
Package Manager log level set to [2]
[Package Manager] Server::EnsureServerProcessIsRunning -- launch failed, reason: Unity was launched with the -noUpm command-line argument
[Package Manager] UpmClient::Send -- Unable to send message (not connected to UPM process).
[Package Manager] Cannot connect to Unity Package Manager local server
Mono: successfully reloaded assembly
- Finished resetting the current domain, in  0.661 seconds
Domain Reload Profiling: 1442ms
	BeginReloadAssembly (168ms)
		ExecutionOrderSort (0ms)
		DisableScriptedObjects (6ms)
		BackupInstance (0ms)
		ReleaseScriptingObjects (0ms)
		CreateAndSetChildDomain (21ms)
	RebuildCommonClasses (39ms)
	RebuildNativeTypeToScriptingClass (13ms)
	initialDomainReloadingComplete (50ms)
	LoadAllAssembliesAndSetupDomain (511ms)
		LoadAssemblies (390ms)
		RebuildTransferFunctionScriptingTraits (0ms)
		AnalyzeDomain (220ms)
			TypeCache.Refresh (196ms)
				TypeCache.ScanAssembly (179ms)
			ScanForSourceGeneratedMonoScriptInfo (17ms)
			ResolveRequiredComponents (5ms)
	FinalizeReload (661ms)
		ReleaseScriptCaches (0ms)
		RebuildScriptCaches (0ms)
		SetupLoadedEditorAssemblies (478ms)
			LogAssemblyErrors (0ms)
			InitializePlatformSupportModulesInManaged (8ms)
			SetLoadedEditorAssemblies (4ms)
			RefreshPlugins (0ms)
			BeforeProcessingInitializeOnLoad (68ms)
			ProcessInitializeOnLoadAttributes (367ms)
			ProcessInitializeOnLoadMethodAttributes (22ms)
			AfterProcessingInitializeOnLoad (9ms)
			EditorAssembliesLoaded (0ms)
		ExecutionOrderSort2 (0ms)
		AwakeInstancesAfterBackupRestoration (8ms)
Launched and connected shader compiler UnityShaderCompiler.exe after 0.04 seconds
Refreshing native plugins compatible for Editor in 1.48 ms, found 3 plugins.
Preloading 0 native plugins for Editor in 0.00 ms.
Unloading 3069 Unused Serialized files (Serialized files now loaded: 0)
Unloading 31 unused Assets / (56.4 KB). Loaded Objects now: 3531.
Memory consumption went from 114.9 MB to 114.9 MB.
Total: 2.357700 ms (FindLiveObjects: 0.159400 ms CreateObjectMapping: 0.077000 ms MarkObjects: 2.041700 ms  DeleteObjects: 0.078800 ms)

AssetImportParameters requested are different than current active one (requested -> active):
  custom:container-demuxer-ogg: 62fdf1f143b41e24485cea50d1cbac27 -> 
  custom:video-decoder-ogg-theora: a1e56fd34408186e4bbccfd4996cb3dc -> 
  custom:framework-win-MediaFoundation: 216162199b28c13a410421893ffa2e32 -> 
  custom:CustomObjectIndexerAttribute: 756ad292c208cfabdd7b50bc23989ffe -> 
  custom:container-demuxer-webm: 4f35f7cbe854078d1ac9338744f61a02 -> 
  custom:container-muxer-webm: aa71ff27fc2769a1b78a27578f13a17b -> 
  custom:video-decoder-webm-vp8: 9c59270c3fd7afecdb556c50c9e8de78 -> 
  custom:SearchIndexIgnoredProperties: e643bd26f0fe6173181afceb89e7c659 -> 
  custom:AudioImporter_EditorPlatform: d09bf68614088b80899f8185d706f6e7 -> 
  custom:video-encoder-webm-vp8: eb34c28f22e8b96e1ab97ce403110664 -> 
  custom:audio-decoder-ogg-vorbis: bf7c407c2cedff20999df2af8eb42d56 -> 
  custom:audio-encoder-webm-vorbis: bf7c407c2cedff20999df2af8eb42d56 -> 
========================================================================
Received Import Request.
  Time since last request: 8948.425792 seconds.
  path: Assets/Cube Environment/Models/Bench.obj
  artifactKey: Guid(88f2fe68daff81a4987fe6463bd3228f) Importer(815301076,1909f56bfc062723c751e8b465ee728b)
Start importing Assets/Cube Environment/Models/Bench.obj using Guid(88f2fe68daff81a4987fe6463bd3228f) Importer(815301076,1909f56bfc062723c751e8b465ee728b)  -> (artifact id: '8863eed9e57e5a736c52d76a997f24b8') in 0.258551 seconds
Number of updated asset objects reloaded before import = 0
Number of asset objects unloaded after import = 10
========================================================================
Received Import Request.
  Time since last request: 0.000017 seconds.
  path: Assets/Cube Environment/Texture/Materials/TreeWinter.mat
  artifactKey: Guid(7afa5069fa7849d44bb935dce9b6d9c9) Importer(815301076,1909f56bfc062723c751e8b465ee728b)
Start importing Assets/Cube Environment/Texture/Materials/TreeWinter.mat using Guid(7afa5069fa7849d44bb935dce9b6d9c9) Importer(815301076,1909f56bfc062723c751e8b465ee728b)  -> (artifact id: 'd48b1c505b715ad18e1e2da53e291402') in 0.016060 seconds
Number of updated asset objects reloaded before import = 0
Number of asset objects unloaded after import = 2
========================================================================
Received Import Request.
  Time since last request: 0.000022 seconds.
  path: Assets/Cube Environment/Texture/Materials/LightPost2.mat
  artifactKey: Guid(cbde10eb0193ca240bd482c7d915eaf2) Importer(815301076,1909f56bfc062723c751e8b465ee728b)
Start importing Assets/Cube Environment/Texture/Materials/LightPost2.mat using Guid(cbde10eb0193ca240bd482c7d915eaf2) Importer(815301076,1909f56bfc062723c751e8b465ee728b)  -> (artifact id: '42949daf2c69bf74091e1a6e983c5546') in 0.015314 seconds
Number of updated asset objects reloaded before import = 0
Number of asset objects unloaded after import = 2
========================================================================
Received Import Request.
  Time since last request: 0.000014 seconds.
  path: Assets/Cube Environment/Models/TreeWinter.obj
  artifactKey: Guid(c376a388c69c08a4984738ecada1e700) Importer(815301076,1909f56bfc062723c751e8b465ee728b)
Start importing Assets/Cube Environment/Models/TreeWinter.obj using Guid(c376a388c69c08a4984738ecada1e700) Importer(815301076,1909f56bfc062723c751e8b465ee728b)  -> (artifact id: '71e7d1a863907943335fb48233048783') in 0.071101 seconds
Number of updated asset objects reloaded before import = 0
Number of asset objects unloaded after import = 10
========================================================================
Received Import Request.
  Time since last request: 0.000188 seconds.
  path: Assets/Cube Environment/Models/RecyclingBinBlue.obj
  artifactKey: Guid(30a58a4fc88a7f540a0e9b2fb447e6be) Importer(815301076,1909f56bfc062723c751e8b465ee728b)
Start importing Assets/Cube Environment/Models/RecyclingBinBlue.obj using Guid(30a58a4fc88a7f540a0e9b2fb447e6be) Importer(815301076,1909f56bfc062723c751e8b465ee728b)  -> (artifact id: 'f1a22813feb346b135d46fa7f6825088') in 0.029527 seconds
Number of updated asset objects reloaded before import = 0
Number of asset objects unloaded after import = 10
========================================================================
Received Import Request.
  Time since last request: 0.000016 seconds.
  path: Assets/Cube Environment/Texture/Materials/RecyclingBinGreen.mat
  artifactKey: Guid(4e71f2fb11a8a184aa37e98b3a04fba3) Importer(815301076,1909f56bfc062723c751e8b465ee728b)
Start importing Assets/Cube Environment/Texture/Materials/RecyclingBinGreen.mat using Guid(4e71f2fb11a8a184aa37e98b3a04fba3) Importer(815301076,1909f56bfc062723c751e8b465ee728b)  -> (artifact id: '536409b7444307bc7971eb397c815aa5') in 0.013487 seconds
Number of updated asset objects reloaded before import = 0
Number of asset objects unloaded after import = 2
========================================================================
Received Import Request.
  Time since last request: 0.000017 seconds.
  path: Assets/Cube Environment/Texture/Materials/StreetLight.mat
  artifactKey: Guid(26a359006b59eb347be1f6cd5d6ff338) Importer(815301076,1909f56bfc062723c751e8b465ee728b)
Start importing Assets/Cube Environment/Texture/Materials/StreetLight.mat using Guid(26a359006b59eb347be1f6cd5d6ff338) Importer(815301076,1909f56bfc062723c751e8b465ee728b)  -> (artifact id: '0065fcfb6e320b132db07537bc202109') in 0.012603 seconds
Number of updated asset objects reloaded before import = 0
Number of asset objects unloaded after import = 2
========================================================================
Received Import Request.
  Time since last request: 0.000026 seconds.
  path: Assets/Cube Environment/Models/TrafficCone.obj
  artifactKey: Guid(abef2a761feba3f40850f1dbee18ef5e) Importer(815301076,1909f56bfc062723c751e8b465ee728b)
Start importing Assets/Cube Environment/Models/TrafficCone.obj using Guid(abef2a761feba3f40850f1dbee18ef5e) Importer(815301076,1909f56bfc062723c751e8b465ee728b)  -> (artifact id: 'b74be7c0e94f724cde3c40b845f607c6') in 0.047400 seconds
Number of updated asset objects reloaded before import = 0
Number of asset objects unloaded after import = 10
========================================================================
Received Import Request.
  Time since last request: 0.000015 seconds.
  path: Assets/Cube Environment/Texture/Materials/Rock.mat
  artifactKey: Guid(43537a35cd488174998d2365c930f599) Importer(815301076,1909f56bfc062723c751e8b465ee728b)
Start importing Assets/Cube Environment/Texture/Materials/Rock.mat using Guid(43537a35cd488174998d2365c930f599) Importer(815301076,1909f56bfc062723c751e8b465ee728b)  -> (artifact id: 'c05c9308bfff32b081ef9042de5c9110') in 0.013880 seconds
Number of updated asset objects reloaded before import = 0
Number of asset objects unloaded after import = 2
========================================================================
Received Import Request.
  Time since last request: 0.000016 seconds.
  path: Assets/Cube Environment/Texture/Materials/Road1.mat
  artifactKey: Guid(27249fb4b21148b4aaaf8a85aa009e21) Importer(815301076,1909f56bfc062723c751e8b465ee728b)
Start importing Assets/Cube Environment/Texture/Materials/Road1.mat using Guid(27249fb4b21148b4aaaf8a85aa009e21) Importer(815301076,1909f56bfc062723c751e8b465ee728b)  -> (artifact id: 'c187c46f63f2c394789d1b1a5cdb725c') in 0.012717 seconds
Number of updated asset objects reloaded before import = 0
Number of asset objects unloaded after import = 2
========================================================================
Received Import Request.
  Time since last request: 0.000023 seconds.
  path: Assets/Cube Environment/Texture/Materials/TreeAutumn.mat
  artifactKey: Guid(891420363bb43254b9f53fb075ae2474) Importer(815301076,1909f56bfc062723c751e8b465ee728b)
Start importing Assets/Cube Environment/Texture/Materials/TreeAutumn.mat using Guid(891420363bb43254b9f53fb075ae2474) Importer(815301076,1909f56bfc062723c751e8b465ee728b)  -> (artifact id: '2425ff1c39bee05f800fafd6493a6d1e') in 0.013404 seconds
Number of updated asset objects reloaded before import = 0
Number of asset objects unloaded after import = 2
========================================================================
Received Import Request.
  Time since last request: 0.000014 seconds.
  path: Assets/Cube Environment/Models/FireHydrant.obj
  artifactKey: Guid(356c18216aff0604eb8d95d3b1f89c60) Importer(815301076,1909f56bfc062723c751e8b465ee728b)
Start importing Assets/Cube Environment/Models/FireHydrant.obj using Guid(356c18216aff0604eb8d95d3b1f89c60) Importer(815301076,1909f56bfc062723c751e8b465ee728b)  -> (artifact id: '952d003efdcea7b63f885e6dc5a45a70') in 0.022222 seconds
Number of updated asset objects reloaded before import = 0
Number of asset objects unloaded after import = 10
========================================================================
Received Import Request.
  Time since last request: 0.000015 seconds.
  path: Assets/Cube Environment/Texture/Materials/TrafficCone.mat
  artifactKey: Guid(010e149cf959a5b4db9efefaec1cf5b7) Importer(815301076,1909f56bfc062723c751e8b465ee728b)
Start importing Assets/Cube Environment/Texture/Materials/TrafficCone.mat using Guid(010e149cf959a5b4db9efefaec1cf5b7) Importer(815301076,1909f56bfc062723c751e8b465ee728b)  -> (artifact id: 'f8c2e3e5817795b27c70ba82d248d7ed') in 0.011326 seconds
Number of updated asset objects reloaded before import = 0
Number of asset objects unloaded after import = 2
========================================================================
Received Import Request.
  Time since last request: 0.000013 seconds.
  path: Assets/Cube Environment/Texture/Materials/Grass.mat
  artifactKey: Guid(c7b7496c834724140b5533bbff713ad8) Importer(815301076,1909f56bfc062723c751e8b465ee728b)
Start importing Assets/Cube Environment/Texture/Materials/Grass.mat using Guid(c7b7496c834724140b5533bbff713ad8) Importer(815301076,1909f56bfc062723c751e8b465ee728b)  -> (artifact id: '3523d93686120acc7ef05725f3af6d19') in 0.013346 seconds
Number of updated asset objects reloaded before import = 0
Number of asset objects unloaded after import = 2
========================================================================
Received Import Request.
  Time since last request: 0.000015 seconds.
  path: Assets/Cube Environment/Models/LightPost3.obj
  artifactKey: Guid(7bf4d58e5abf8e348bd35eec99605588) Importer(815301076,1909f56bfc062723c751e8b465ee728b)
Start importing Assets/Cube Environment/Models/LightPost3.obj using Guid(7bf4d58e5abf8e348bd35eec99605588) Importer(815301076,1909f56bfc062723c751e8b465ee728b)  -> (artifact id: '02b64e3d3f4b7ac8a16867f09bc21a78') in 0.022347 seconds
Number of updated asset objects reloaded before import = 0
Number of asset objects unloaded after import = 10
========================================================================
Received Import Request.
  Time since last request: 0.000016 seconds.
  path: Assets/Cube Environment/Texture/Materials/TreeSummer.mat
  artifactKey: Guid(8609b3666876b2747ba417e45635de99) Importer(815301076,1909f56bfc062723c751e8b465ee728b)
Start importing Assets/Cube Environment/Texture/Materials/TreeSummer.mat using Guid(8609b3666876b2747ba417e45635de99) Importer(815301076,1909f56bfc062723c751e8b465ee728b)  -> (artifact id: '2f8f4e6547419b7d66b7b260da812210') in 0.011698 seconds
Number of updated asset objects reloaded before import = 0
Number of asset objects unloaded after import = 2
========================================================================
Received Import Request.
  Time since last request: 0.000015 seconds.
  path: Assets/Cube Environment/Models/WaterBaril.obj
  artifactKey: Guid(c27f5ecbacece0f4691f64d5fceb65fb) Importer(815301076,1909f56bfc062723c751e8b465ee728b)
Start importing Assets/Cube Environment/Models/WaterBaril.obj using Guid(c27f5ecbacece0f4691f64d5fceb65fb) Importer(815301076,1909f56bfc062723c751e8b465ee728b)  -> (artifact id: '5f07d11ec7ae6ff98d4fc5d48c492f53') in 0.020532 seconds
Number of updated asset objects reloaded before import = 0
Number of asset objects unloaded after import = 10
========================================================================
Received Import Request.
  Time since last request: 0.000016 seconds.
  path: Assets/Cube Environment/Texture/Materials/StopSing.mat
  artifactKey: Guid(a066e1fe6bdff704baf9670ee26ac246) Importer(815301076,1909f56bfc062723c751e8b465ee728b)
Start importing Assets/Cube Environment/Texture/Materials/StopSing.mat using Guid(a066e1fe6bdff704baf9670ee26ac246) Importer(815301076,1909f56bfc062723c751e8b465ee728b)  -> (artifact id: '734188cf56cb8e291706a792a7d4afde') in 0.015413 seconds
Number of updated asset objects reloaded before import = 0
Number of asset objects unloaded after import = 2
========================================================================
Received Import Request.
  Time since last request: 0.000015 seconds.
  path: Assets/Cube Environment/Models/LightPost2.obj
  artifactKey: Guid(464c06eadec08b346a627cc84b1ef4d0) Importer(815301076,1909f56bfc062723c751e8b465ee728b)
Start importing Assets/Cube Environment/Models/LightPost2.obj using Guid(464c06eadec08b346a627cc84b1ef4d0) Importer(815301076,1909f56bfc062723c751e8b465ee728b)  -> (artifact id: '5d5b3cd816482c8d1dbdaa86dff374d6') in 0.023032 seconds
Number of updated asset objects reloaded before import = 0
Number of asset objects unloaded after import = 10
========================================================================
Received Import Request.
  Time since last request: 0.000017 seconds.
  path: Assets/Cube Environment/Texture/Materials/Road2.mat
  artifactKey: Guid(e5d4abacf5e07784d8efe3dac8cc1496) Importer(815301076,1909f56bfc062723c751e8b465ee728b)
Start importing Assets/Cube Environment/Texture/Materials/Road2.mat using Guid(e5d4abacf5e07784d8efe3dac8cc1496) Importer(815301076,1909f56bfc062723c751e8b465ee728b)  -> (artifact id: '664bfddfe76d7300d3a2a01fc8cb6d0e') in 0.014073 seconds
Number of updated asset objects reloaded before import = 0
Number of asset objects unloaded after import = 2
========================================================================
Received Import Request.
  Time since last request: 0.000014 seconds.
  path: Assets/Cube Environment/Models/TelephonePole.obj
  artifactKey: Guid(4a95e5f523a8c154ab5513d87d8ad919) Importer(815301076,1909f56bfc062723c751e8b465ee728b)
Start importing Assets/Cube Environment/Models/TelephonePole.obj using Guid(4a95e5f523a8c154ab5513d87d8ad919) Importer(815301076,1909f56bfc062723c751e8b465ee728b)  -> (artifact id: '630a042dcec2c709f4247a47d774107a') in 0.023781 seconds
Number of updated asset objects reloaded before import = 0
Number of asset objects unloaded after import = 10
========================================================================
Received Import Request.
  Time since last request: 0.000016 seconds.
  path: Assets/Cube Environment/Models/Road2.obj
  artifactKey: Guid(1b04b01cf88dbb2488cbda23deaa1bba) Importer(815301076,1909f56bfc062723c751e8b465ee728b)
Start importing Assets/Cube Environment/Models/Road2.obj using Guid(1b04b01cf88dbb2488cbda23deaa1bba) Importer(815301076,1909f56bfc062723c751e8b465ee728b)  -> (artifact id: 'f1d8594940dc94643e7653e0917e8323') in 0.021216 seconds
Number of updated asset objects reloaded before import = 0
Number of asset objects unloaded after import = 10
Editor requested this worker to shutdown with reason: Scaling down because of idle timeout
TcpMessagingSession - receive error: operation aborted. errorcode: 995, details: L’opération d’entrée/sortie a été abandonnée en raison de l’arrêt d’un thread ou à la demande d’une application.
AssetImportWorker is now disconnected from the server
Process exiting
Exiting without the bug reporter. Application will terminate with return code 0