Using pre-set license
Built from '2022.3/staging' branch; Version is '2022.3.8f1 (b5eafc012955) revision 11922172'; Using compiler version '192829333'; Build Type 'Release'
OS: 'Windows 10  (10.0.19045) 64bit Professional' Language: 'fr' Physical Memory: 32542 MB
BatchMode: 1, IsHumanControllingUs: 0, StartBugReporterOnCrash: 0, Is64bit: 1, IsPro: 1

COMMAND LINE ARGUMENTS:
C:\Program Files\Unity\Hub\Editor\2022.3.8f1\Editor\Unity.exe
-adb2
-batchMode
-noUpm
-name
AssetImportWorker0
-projectPath
C:/Users/samfr/Documents/Atelier/CitySkyline3/citySkyline3
-logFile
Logs/AssetImportWorker0.log
-srvPort
54456
Successfully changed project path to: C:/Users/samfr/Documents/Atelier/CitySkyline3/citySkyline3
C:/Users/samfr/Documents/Atelier/CitySkyline3/citySkyline3
[UnityMemory] Configuration Parameters - Can be set up in boot.config
    "memorysetup-bucket-allocator-granularity=16"
    "memorysetup-bucket-allocator-bucket-count=8"
    "memorysetup-bucket-allocator-block-size=33554432"
    "memorysetup-bucket-allocator-block-count=8"
    "memorysetup-main-allocator-block-size=16777216"
    "memorysetup-thread-allocator-block-size=16777216"
    "memorysetup-gfx-main-allocator-block-size=16777216"
    "memorysetup-gfx-thread-allocator-block-size=16777216"
    "memorysetup-cache-allocator-block-size=4194304"
    "memorysetup-typetree-allocator-block-size=2097152"
    "memorysetup-profiler-bucket-allocator-granularity=16"
    "memorysetup-profiler-bucket-allocator-bucket-count=8"
    "memorysetup-profiler-bucket-allocator-block-size=33554432"
    "memorysetup-profiler-bucket-allocator-block-count=8"
    "memorysetup-profiler-allocator-block-size=16777216"
    "memorysetup-profiler-editor-allocator-block-size=1048576"
    "memorysetup-temp-allocator-size-main=16777216"
    "memorysetup-job-temp-allocator-block-size=2097152"
    "memorysetup-job-temp-allocator-block-size-background=1048576"
    "memorysetup-job-temp-allocator-reduction-small-platforms=262144"
    "memorysetup-allocator-temp-initial-block-size-main=262144"
    "memorysetup-allocator-temp-initial-block-size-worker=262144"
    "memorysetup-temp-allocator-size-background-worker=32768"
    "memorysetup-temp-allocator-size-job-worker=262144"
    "memorysetup-temp-allocator-size-preload-manager=33554432"
    "memorysetup-temp-allocator-size-nav-mesh-worker=65536"
    "memorysetup-temp-allocator-size-audio-worker=65536"
    "memorysetup-temp-allocator-size-cloud-worker=32768"
    "memorysetup-temp-allocator-size-gi-baking-worker=262144"
    "memorysetup-temp-allocator-size-gfx=262144"
Player connection [17668] Host "[IP] 10.5.47.39 [Port] 0 [Flags] 2 [Guid] 2244754063 [EditorId] 2244754063 [Version] 1048832 [Id] WindowsEditor(7,sam-frdd-P4B) [Debug] 1 [PackageName] WindowsEditor [ProjectName] Editor" joined multi-casting on [225.0.0.222:54997]...

Player connection [17668] Host "[IP] 10.5.47.39 [Port] 0 [Flags] 2 [Guid] 2244754063 [EditorId] 2244754063 [Version] 1048832 [Id] WindowsEditor(7,sam-frdd-P4B) [Debug] 1 [PackageName] WindowsEditor [ProjectName] Editor" joined alternative multi-casting on [225.0.0.222:34997]...

[Physics::Module] Initialized MultithreadedJobDispatcher with 11 workers.
Refreshing native plugins compatible for Editor in 18.08 ms, found 3 plugins.
Preloading 0 native plugins for Editor in 0.00 ms.
Initialize engine version: 2022.3.8f1 (b5eafc012955)
[Subsystems] Discovering subsystems at path C:/Program Files/Unity/Hub/Editor/2022.3.8f1/Editor/Data/Resources/UnitySubsystems
[Subsystems] Discovering subsystems at path C:/Users/samfr/Documents/Atelier/CitySkyline3/citySkyline3/Assets
GfxDevice: creating device client; threaded=0; jobified=0
Direct3D:
    Version:  Direct3D 11.0 [level 11.1]
    Renderer: Intel(R) UHD Graphics 630 (ID=0x3e92)
    Vendor:   Intel
    VRAM:     16271 MB
    Driver:   30.0.101.1340
Initialize mono
Mono path[0] = 'C:/Program Files/Unity/Hub/Editor/2022.3.8f1/Editor/Data/Managed'
Mono path[1] = 'C:/Program Files/Unity/Hub/Editor/2022.3.8f1/Editor/Data/MonoBleedingEdge/lib/mono/unityjit-win32'
Mono config path = 'C:/Program Files/Unity/Hub/Editor/2022.3.8f1/Editor/Data/MonoBleedingEdge/etc'
Using monoOptions --debugger-agent=transport=dt_socket,embedding=1,server=y,suspend=n,address=127.0.0.1:56144
Begin MonoManager ReloadAssembly
Registering precompiled unity dll's ...
Register platform support module: C:/Program Files/Unity/Hub/Editor/2022.3.8f1/Editor/Data/PlaybackEngines/WindowsStandaloneSupport/UnityEditor.WindowsStandalone.Extensions.dll
Registered in 0.012367 seconds.
- Loaded All Assemblies, in  0.463 seconds
Native extension for WindowsStandalone target not found
Mono: successfully reloaded assembly
- Finished resetting the current domain, in  0.360 seconds
Domain Reload Profiling: 822ms
	BeginReloadAssembly (139ms)
		ExecutionOrderSort (0ms)
		DisableScriptedObjects (0ms)
		BackupInstance (0ms)
		ReleaseScriptingObjects (0ms)
		CreateAndSetChildDomain (1ms)
	RebuildCommonClasses (46ms)
	RebuildNativeTypeToScriptingClass (13ms)
	initialDomainReloadingComplete (81ms)
	LoadAllAssembliesAndSetupDomain (182ms)
		LoadAssemblies (137ms)
		RebuildTransferFunctionScriptingTraits (0ms)
		AnalyzeDomain (180ms)
			TypeCache.Refresh (179ms)
				TypeCache.ScanAssembly (161ms)
			ScanForSourceGeneratedMonoScriptInfo (0ms)
			ResolveRequiredComponents (0ms)
	FinalizeReload (361ms)
		ReleaseScriptCaches (0ms)
		RebuildScriptCaches (0ms)
		SetupLoadedEditorAssemblies (279ms)
			LogAssemblyErrors (0ms)
			InitializePlatformSupportModulesInManaged (13ms)
			SetLoadedEditorAssemblies (11ms)
			RefreshPlugins (0ms)
			BeforeProcessingInitializeOnLoad (3ms)
			ProcessInitializeOnLoadAttributes (187ms)
			ProcessInitializeOnLoadMethodAttributes (65ms)
			AfterProcessingInitializeOnLoad (0ms)
			EditorAssembliesLoaded (0ms)
		ExecutionOrderSort2 (0ms)
		AwakeInstancesAfterBackupRestoration (0ms)
========================================================================
Worker process is ready to serve import requests
Begin MonoManager ReloadAssembly
- Loaded All Assemblies, in  0.893 seconds
Refreshing native plugins compatible for Editor in 6.93 ms, found 3 plugins.
Native extension for WindowsStandalone target not found
Package Manager log level set to [2]
[Package Manager] Server::EnsureServerProcessIsRunning -- launch failed, reason: Unity was launched with the -noUpm command-line argument
[Package Manager] UpmClient::Send -- Unable to send message (not connected to UPM process).
[Package Manager] Cannot connect to Unity Package Manager local server
Mono: successfully reloaded assembly
- Finished resetting the current domain, in  0.871 seconds
Domain Reload Profiling: 1761ms
	BeginReloadAssembly (208ms)
		ExecutionOrderSort (0ms)
		DisableScriptedObjects (7ms)
		BackupInstance (0ms)
		ReleaseScriptingObjects (0ms)
		CreateAndSetChildDomain (30ms)
	RebuildCommonClasses (49ms)
	RebuildNativeTypeToScriptingClass (15ms)
	initialDomainReloadingComplete (56ms)
	LoadAllAssembliesAndSetupDomain (562ms)
		LoadAssemblies (426ms)
		RebuildTransferFunctionScriptingTraits (0ms)
		AnalyzeDomain (259ms)
			TypeCache.Refresh (234ms)
				TypeCache.ScanAssembly (213ms)
			ScanForSourceGeneratedMonoScriptInfo (19ms)
			ResolveRequiredComponents (5ms)
	FinalizeReload (871ms)
		ReleaseScriptCaches (0ms)
		RebuildScriptCaches (0ms)
		SetupLoadedEditorAssemblies (663ms)
			LogAssemblyErrors (0ms)
			InitializePlatformSupportModulesInManaged (9ms)
			SetLoadedEditorAssemblies (6ms)
			RefreshPlugins (0ms)
			BeforeProcessingInitializeOnLoad (96ms)
			ProcessInitializeOnLoadAttributes (519ms)
			ProcessInitializeOnLoadMethodAttributes (25ms)
			AfterProcessingInitializeOnLoad (9ms)
			EditorAssembliesLoaded (0ms)
		ExecutionOrderSort2 (0ms)
		AwakeInstancesAfterBackupRestoration (8ms)
Launched and connected shader compiler UnityShaderCompiler.exe after 0.07 seconds
Refreshing native plugins compatible for Editor in 6.08 ms, found 3 plugins.
Preloading 0 native plugins for Editor in 0.00 ms.
Unloading 3115 Unused Serialized files (Serialized files now loaded: 0)
Unloading 43 unused Assets / (62.9 KB). Loaded Objects now: 3566.
Memory consumption went from 115.3 MB to 115.2 MB.
Total: 4.682800 ms (FindLiveObjects: 0.436400 ms CreateObjectMapping: 0.323000 ms MarkObjects: 3.685900 ms  DeleteObjects: 0.236500 ms)

AssetImportParameters requested are different than current active one (requested -> active):
  custom:container-demuxer-ogg: 62fdf1f143b41e24485cea50d1cbac27 -> 
  custom:video-decoder-ogg-theora: a1e56fd34408186e4bbccfd4996cb3dc -> 
  custom:framework-win-MediaFoundation: 216162199b28c13a410421893ffa2e32 -> 
  custom:CustomObjectIndexerAttribute: 756ad292c208cfabdd7b50bc23989ffe -> 
  custom:container-demuxer-webm: 4f35f7cbe854078d1ac9338744f61a02 -> 
  custom:container-muxer-webm: aa71ff27fc2769a1b78a27578f13a17b -> 
  custom:video-decoder-webm-vp8: 9c59270c3fd7afecdb556c50c9e8de78 -> 
  custom:SearchIndexIgnoredProperties: e643bd26f0fe6173181afceb89e7c659 -> 
  custom:AudioImporter_EditorPlatform: d09bf68614088b80899f8185d706f6e7 -> 
  custom:video-encoder-webm-vp8: eb34c28f22e8b96e1ab97ce403110664 -> 
  custom:audio-decoder-ogg-vorbis: bf7c407c2cedff20999df2af8eb42d56 -> 
  custom:audio-encoder-webm-vorbis: bf7c407c2cedff20999df2af8eb42d56 -> 
========================================================================
Received Import Request.
  Time since last request: 25850.541699 seconds.
  path: Assets/blocPrefab/Bloc_simple.prefab
  artifactKey: Guid(87ba57a12b2d0e543b36d4cbc2ea73ef) Importer(815301076,1909f56bfc062723c751e8b465ee728b)
Start importing Assets/blocPrefab/Bloc_simple.prefab using Guid(87ba57a12b2d0e543b36d4cbc2ea73ef) Importer(815301076,1909f56bfc062723c751e8b465ee728b)  -> (artifact id: '510c669e2df670e9cc84276c8b60be2a') in 0.153576 seconds
Number of updated asset objects reloaded before import = 0
Number of asset objects unloaded after import = 28
========================================================================
Received Prepare
Begin MonoManager ReloadAssembly
- Loaded All Assemblies, in  0.442 seconds
Refreshing native plugins compatible for Editor in 4.97 ms, found 3 plugins.
Native extension for WindowsStandalone target not found
[Package Manager] Server::EnsureServerProcessIsRunning -- launch failed, reason: Unity was launched with the -noUpm command-line argument
[Package Manager] UpmClient::Send -- Unable to send message (not connected to UPM process).
[Package Manager] Cannot connect to Unity Package Manager local server
Mono: successfully reloaded assembly
- Finished resetting the current domain, in  0.817 seconds
Domain Reload Profiling: 1257ms
	BeginReloadAssembly (153ms)
		ExecutionOrderSort (0ms)
		DisableScriptedObjects (5ms)
		BackupInstance (0ms)
		ReleaseScriptingObjects (0ms)
		CreateAndSetChildDomain (36ms)
	RebuildCommonClasses (36ms)
	RebuildNativeTypeToScriptingClass (11ms)
	initialDomainReloadingComplete (32ms)
	LoadAllAssembliesAndSetupDomain (208ms)
		LoadAssemblies (278ms)
		RebuildTransferFunctionScriptingTraits (0ms)
		AnalyzeDomain (11ms)
			TypeCache.Refresh (5ms)
				TypeCache.ScanAssembly (0ms)
			ScanForSourceGeneratedMonoScriptInfo (0ms)
			ResolveRequiredComponents (4ms)
	FinalizeReload (818ms)
		ReleaseScriptCaches (0ms)
		RebuildScriptCaches (0ms)
		SetupLoadedEditorAssemblies (418ms)
			LogAssemblyErrors (0ms)
			InitializePlatformSupportModulesInManaged (6ms)
			SetLoadedEditorAssemblies (4ms)
			RefreshPlugins (0ms)
			BeforeProcessingInitializeOnLoad (66ms)
			ProcessInitializeOnLoadAttributes (318ms)
			ProcessInitializeOnLoadMethodAttributes (16ms)
			AfterProcessingInitializeOnLoad (7ms)
			EditorAssembliesLoaded (0ms)
		ExecutionOrderSort2 (0ms)
		AwakeInstancesAfterBackupRestoration (6ms)
Refreshing native plugins compatible for Editor in 7.25 ms, found 3 plugins.
Preloading 0 native plugins for Editor in 0.00 ms.
Unloading 3107 Unused Serialized files (Serialized files now loaded: 0)
Unloading 33 unused Assets / (36.9 KB). Loaded Objects now: 3580.
Memory consumption went from 118.7 MB to 118.7 MB.
Total: 5.218800 ms (FindLiveObjects: 0.796500 ms CreateObjectMapping: 0.615700 ms MarkObjects: 3.695100 ms  DeleteObjects: 0.110800 ms)

Prepare: number of updated asset objects reloaded= 0
AssetImportParameters requested are different than current active one (requested -> active):
  custom:container-demuxer-ogg: 62fdf1f143b41e24485cea50d1cbac27 -> 
  custom:video-decoder-ogg-theora: a1e56fd34408186e4bbccfd4996cb3dc -> 
  custom:framework-win-MediaFoundation: 216162199b28c13a410421893ffa2e32 -> 
  custom:CustomObjectIndexerAttribute: 756ad292c208cfabdd7b50bc23989ffe -> 
  custom:container-demuxer-webm: 4f35f7cbe854078d1ac9338744f61a02 -> 
  custom:container-muxer-webm: aa71ff27fc2769a1b78a27578f13a17b -> 
  custom:video-decoder-webm-vp8: 9c59270c3fd7afecdb556c50c9e8de78 -> 
  custom:SearchIndexIgnoredProperties: e643bd26f0fe6173181afceb89e7c659 -> 
  custom:AudioImporter_EditorPlatform: d09bf68614088b80899f8185d706f6e7 -> 
  custom:video-encoder-webm-vp8: eb34c28f22e8b96e1ab97ce403110664 -> 
  custom:audio-decoder-ogg-vorbis: bf7c407c2cedff20999df2af8eb42d56 -> 
  custom:audio-encoder-webm-vorbis: bf7c407c2cedff20999df2af8eb42d56 -> 
========================================================================
Received Import Request.
  Time since last request: 24.764203 seconds.
  path: Assets/blocPrefab/Bloc_simple.prefab
  artifactKey: Guid(87ba57a12b2d0e543b36d4cbc2ea73ef) Importer(815301076,1909f56bfc062723c751e8b465ee728b)
Start importing Assets/blocPrefab/Bloc_simple.prefab using Guid(87ba57a12b2d0e543b36d4cbc2ea73ef) Importer(815301076,1909f56bfc062723c751e8b465ee728b)  -> (artifact id: '862e824aca7896d5eecf3a819564b71d') in 0.090120 seconds
Number of updated asset objects reloaded before import = 0
Number of asset objects unloaded after import = 26
========================================================================
Received Import Request.
  Time since last request: 0.869684 seconds.
  path: Assets/blocPrefab/Bloc_simple.prefab
  artifactKey: Guid(87ba57a12b2d0e543b36d4cbc2ea73ef) Importer(815301076,1909f56bfc062723c751e8b465ee728b)
Start importing Assets/blocPrefab/Bloc_simple.prefab using Guid(87ba57a12b2d0e543b36d4cbc2ea73ef) Importer(815301076,1909f56bfc062723c751e8b465ee728b)  -> (artifact id: 'c0978b4412caa3a9f5b790ef039e0a67') in 0.010793 seconds
Number of updated asset objects reloaded before import = 0
Number of asset objects unloaded after import = 24
========================================================================
Received Import Request.
  Time since last request: 5.171229 seconds.
  path: Assets/blocPrefab/Bloc_simple.prefab
  artifactKey: Guid(87ba57a12b2d0e543b36d4cbc2ea73ef) Importer(815301076,1909f56bfc062723c751e8b465ee728b)
Start importing Assets/blocPrefab/Bloc_simple.prefab using Guid(87ba57a12b2d0e543b36d4cbc2ea73ef) Importer(815301076,1909f56bfc062723c751e8b465ee728b)  -> (artifact id: '307c45fd78beb4b5e9806b08bac754c8') in 0.019042 seconds
Number of updated asset objects reloaded before import = 0
Number of asset objects unloaded after import = 29
========================================================================
Received Import Request.
  Time since last request: 6.231748 seconds.
  path: Assets/blocPrefab/Bloc_simple.prefab
  artifactKey: Guid(87ba57a12b2d0e543b36d4cbc2ea73ef) Importer(815301076,1909f56bfc062723c751e8b465ee728b)
Start importing Assets/blocPrefab/Bloc_simple.prefab using Guid(87ba57a12b2d0e543b36d4cbc2ea73ef) Importer(815301076,1909f56bfc062723c751e8b465ee728b)  -> (artifact id: 'f85c9a996703947674443e1fad462a93') in 0.010084 seconds
Number of updated asset objects reloaded before import = 0
Number of asset objects unloaded after import = 29
========================================================================
Received Import Request.
  Time since last request: 4.855359 seconds.
  path: Assets/blocPrefab/Bloc_simple.prefab
  artifactKey: Guid(87ba57a12b2d0e543b36d4cbc2ea73ef) Importer(815301076,1909f56bfc062723c751e8b465ee728b)
Start importing Assets/blocPrefab/Bloc_simple.prefab using Guid(87ba57a12b2d0e543b36d4cbc2ea73ef) Importer(815301076,1909f56bfc062723c751e8b465ee728b)  -> (artifact id: '969347f89ee9cb83bebb0aaa36bb4a89') in 0.017316 seconds
Number of updated asset objects reloaded before import = 0
Number of asset objects unloaded after import = 29
========================================================================
Received Import Request.
  Time since last request: 4.815864 seconds.
  path: Assets/blocPrefab/Bloc_simple.prefab
  artifactKey: Guid(87ba57a12b2d0e543b36d4cbc2ea73ef) Importer(815301076,1909f56bfc062723c751e8b465ee728b)
Start importing Assets/blocPrefab/Bloc_simple.prefab using Guid(87ba57a12b2d0e543b36d4cbc2ea73ef) Importer(815301076,1909f56bfc062723c751e8b465ee728b)  -> (artifact id: '27f6a309bc2914f4800e9ddb8d6e158e') in 0.017793 seconds
Number of updated asset objects reloaded before import = 0
Number of asset objects unloaded after import = 29
========================================================================
Received Import Request.
  Time since last request: 3.632874 seconds.
  path: Assets/blocPrefab/Bloc_simple.prefab
  artifactKey: Guid(87ba57a12b2d0e543b36d4cbc2ea73ef) Importer(815301076,1909f56bfc062723c751e8b465ee728b)
Start importing Assets/blocPrefab/Bloc_simple.prefab using Guid(87ba57a12b2d0e543b36d4cbc2ea73ef) Importer(815301076,1909f56bfc062723c751e8b465ee728b)  -> (artifact id: '5b08f594dd092e8c6a60267e964d1fa5') in 0.009187 seconds
Number of updated asset objects reloaded before import = 0
Number of asset objects unloaded after import = 29
========================================================================
Received Import Request.
  Time since last request: 3.671773 seconds.
  path: Assets/blocPrefab/Bloc_simple.prefab
  artifactKey: Guid(87ba57a12b2d0e543b36d4cbc2ea73ef) Importer(815301076,1909f56bfc062723c751e8b465ee728b)
Start importing Assets/blocPrefab/Bloc_simple.prefab using Guid(87ba57a12b2d0e543b36d4cbc2ea73ef) Importer(815301076,1909f56bfc062723c751e8b465ee728b)  -> (artifact id: 'cad28095ca966c0d2e88f25f3533fe46') in 0.008830 seconds
Number of updated asset objects reloaded before import = 0
Number of asset objects unloaded after import = 29
========================================================================
Received Import Request.
  Time since last request: 1.406257 seconds.
  path: Assets/blocPrefab/Bloc_simple.prefab
  artifactKey: Guid(87ba57a12b2d0e543b36d4cbc2ea73ef) Importer(815301076,1909f56bfc062723c751e8b465ee728b)
Start importing Assets/blocPrefab/Bloc_simple.prefab using Guid(87ba57a12b2d0e543b36d4cbc2ea73ef) Importer(815301076,1909f56bfc062723c751e8b465ee728b)  -> (artifact id: 'f7b4a7d63314dcdac14d6d6e20c3a715') in 0.008918 seconds
Number of updated asset objects reloaded before import = 0
Number of asset objects unloaded after import = 29
========================================================================
Received Import Request.
  Time since last request: 4.438923 seconds.
  path: Assets/blocPrefab/Bloc_simple.prefab
  artifactKey: Guid(87ba57a12b2d0e543b36d4cbc2ea73ef) Importer(815301076,1909f56bfc062723c751e8b465ee728b)
Start importing Assets/blocPrefab/Bloc_simple.prefab using Guid(87ba57a12b2d0e543b36d4cbc2ea73ef) Importer(815301076,1909f56bfc062723c751e8b465ee728b)  -> (artifact id: 'dde90352afdb892096ea79d33a8be3d2') in 0.009198 seconds
Number of updated asset objects reloaded before import = 0
Number of asset objects unloaded after import = 29
========================================================================
Received Import Request.
  Time since last request: 5.442496 seconds.
  path: Assets/blocPrefab/Bloc_simple.prefab
  artifactKey: Guid(87ba57a12b2d0e543b36d4cbc2ea73ef) Importer(815301076,1909f56bfc062723c751e8b465ee728b)
Start importing Assets/blocPrefab/Bloc_simple.prefab using Guid(87ba57a12b2d0e543b36d4cbc2ea73ef) Importer(815301076,1909f56bfc062723c751e8b465ee728b)  -> (artifact id: 'd2edd77233a19f5469619ec9cbb6705a') in 0.020879 seconds
Number of updated asset objects reloaded before import = 0
Number of asset objects unloaded after import = 29
========================================================================
Received Import Request.
  Time since last request: 24.263180 seconds.
  path: Assets/blocPrefab/Bloc_simple.prefab
  artifactKey: Guid(87ba57a12b2d0e543b36d4cbc2ea73ef) Importer(815301076,1909f56bfc062723c751e8b465ee728b)
Start importing Assets/blocPrefab/Bloc_simple.prefab using Guid(87ba57a12b2d0e543b36d4cbc2ea73ef) Importer(815301076,1909f56bfc062723c751e8b465ee728b)  -> (artifact id: '8ecdb9dec047f6bbbc4a6c9be28243da') in 0.010693 seconds
Number of updated asset objects reloaded before import = 0
Number of asset objects unloaded after import = 29
========================================================================
Received Import Request.
  Time since last request: 2.236377 seconds.
  path: Assets/blocPrefab/Bloc_simple.prefab
  artifactKey: Guid(87ba57a12b2d0e543b36d4cbc2ea73ef) Importer(815301076,1909f56bfc062723c751e8b465ee728b)
Start importing Assets/blocPrefab/Bloc_simple.prefab using Guid(87ba57a12b2d0e543b36d4cbc2ea73ef) Importer(815301076,1909f56bfc062723c751e8b465ee728b)  -> (artifact id: 'dd67f09700f7b2208717021b2665f205') in 0.018161 seconds
Number of updated asset objects reloaded before import = 0
Number of asset objects unloaded after import = 34
========================================================================
Received Import Request.
  Time since last request: 6.439251 seconds.
  path: Assets/blocPrefab/Bloc_simple.prefab
  artifactKey: Guid(87ba57a12b2d0e543b36d4cbc2ea73ef) Importer(815301076,1909f56bfc062723c751e8b465ee728b)
Start importing Assets/blocPrefab/Bloc_simple.prefab using Guid(87ba57a12b2d0e543b36d4cbc2ea73ef) Importer(815301076,1909f56bfc062723c751e8b465ee728b)  -> (artifact id: '9b898a00e3523d4a0cfb11f80fa27650') in 0.018622 seconds
Number of updated asset objects reloaded before import = 0
Number of asset objects unloaded after import = 34
========================================================================
Received Import Request.
  Time since last request: 31.514724 seconds.
  path: Assets/blocPrefab/Bloc_simple.prefab
  artifactKey: Guid(87ba57a12b2d0e543b36d4cbc2ea73ef) Importer(815301076,1909f56bfc062723c751e8b465ee728b)
Start importing Assets/blocPrefab/Bloc_simple.prefab using Guid(87ba57a12b2d0e543b36d4cbc2ea73ef) Importer(815301076,1909f56bfc062723c751e8b465ee728b)  -> (artifact id: '4c8daefda6114ae8a90c7fcdf136be86') in 0.009386 seconds
Number of updated asset objects reloaded before import = 0
Number of asset objects unloaded after import = 39
========================================================================
Received Import Request.
  Time since last request: 12.755187 seconds.
  path: Assets/blocPrefab/Bloc_simple.prefab
  artifactKey: Guid(87ba57a12b2d0e543b36d4cbc2ea73ef) Importer(815301076,1909f56bfc062723c751e8b465ee728b)
Start importing Assets/blocPrefab/Bloc_simple.prefab using Guid(87ba57a12b2d0e543b36d4cbc2ea73ef) Importer(815301076,1909f56bfc062723c751e8b465ee728b)  -> (artifact id: '0acfad99140c03af054d636fc8651e86') in 0.019858 seconds
Number of updated asset objects reloaded before import = 0
Number of asset objects unloaded after import = 39
========================================================================
Received Import Request.
  Time since last request: 1.614175 seconds.
  path: Assets/blocPrefab/Bloc_simple.prefab
  artifactKey: Guid(87ba57a12b2d0e543b36d4cbc2ea73ef) Importer(815301076,1909f56bfc062723c751e8b465ee728b)
Start importing Assets/blocPrefab/Bloc_simple.prefab using Guid(87ba57a12b2d0e543b36d4cbc2ea73ef) Importer(815301076,1909f56bfc062723c751e8b465ee728b)  -> (artifact id: '4dc7864d25dd66131df744ff011e12aa') in 0.019228 seconds
Number of updated asset objects reloaded before import = 0
Number of asset objects unloaded after import = 39
========================================================================
Received Import Request.
  Time since last request: 12.293652 seconds.
  path: Assets/blocPrefab/Bloc_simple.prefab
  artifactKey: Guid(87ba57a12b2d0e543b36d4cbc2ea73ef) Importer(815301076,1909f56bfc062723c751e8b465ee728b)
Start importing Assets/blocPrefab/Bloc_simple.prefab using Guid(87ba57a12b2d0e543b36d4cbc2ea73ef) Importer(815301076,1909f56bfc062723c751e8b465ee728b)  -> (artifact id: 'f4a8353ebf1efb0ff905082e6baa1348') in 0.010342 seconds
Number of updated asset objects reloaded before import = 0
Number of asset objects unloaded after import = 39
========================================================================
Received Import Request.
  Time since last request: 2.211239 seconds.
  path: Assets/blocPrefab/Bloc_simple.prefab
  artifactKey: Guid(87ba57a12b2d0e543b36d4cbc2ea73ef) Importer(815301076,1909f56bfc062723c751e8b465ee728b)
Start importing Assets/blocPrefab/Bloc_simple.prefab using Guid(87ba57a12b2d0e543b36d4cbc2ea73ef) Importer(815301076,1909f56bfc062723c751e8b465ee728b)  -> (artifact id: '12f54ba051793997e15b2dda3d727001') in 0.018545 seconds
Number of updated asset objects reloaded before import = 0
Number of asset objects unloaded after import = 44
========================================================================
Received Import Request.
  Time since last request: 5.024914 seconds.
  path: Assets/blocPrefab/Bloc_simple.prefab
  artifactKey: Guid(87ba57a12b2d0e543b36d4cbc2ea73ef) Importer(815301076,1909f56bfc062723c751e8b465ee728b)
Start importing Assets/blocPrefab/Bloc_simple.prefab using Guid(87ba57a12b2d0e543b36d4cbc2ea73ef) Importer(815301076,1909f56bfc062723c751e8b465ee728b)  -> (artifact id: 'a92780eee49d8803dbf906000a438fab') in 0.018572 seconds
Number of updated asset objects reloaded before import = 0
Number of asset objects unloaded after import = 44
========================================================================
Received Import Request.
  Time since last request: 11.536068 seconds.
  path: Assets/blocPrefab/Bloc_simple.prefab
  artifactKey: Guid(87ba57a12b2d0e543b36d4cbc2ea73ef) Importer(815301076,1909f56bfc062723c751e8b465ee728b)
Start importing Assets/blocPrefab/Bloc_simple.prefab using Guid(87ba57a12b2d0e543b36d4cbc2ea73ef) Importer(815301076,1909f56bfc062723c751e8b465ee728b)  -> (artifact id: 'e328999276a09f211cd36046e8e5721d') in 0.009223 seconds
Number of updated asset objects reloaded before import = 0
Number of asset objects unloaded after import = 44
========================================================================
Received Import Request.
  Time since last request: 12.935376 seconds.
  path: Assets/blocPrefab/Bloc_simple.prefab
  artifactKey: Guid(87ba57a12b2d0e543b36d4cbc2ea73ef) Importer(815301076,1909f56bfc062723c751e8b465ee728b)
Start importing Assets/blocPrefab/Bloc_simple.prefab using Guid(87ba57a12b2d0e543b36d4cbc2ea73ef) Importer(815301076,1909f56bfc062723c751e8b465ee728b)  -> (artifact id: '826db6a0ca84016953a1ba7fe28600fc') in 0.008840 seconds
Number of updated asset objects reloaded before import = 0
Number of asset objects unloaded after import = 44
========================================================================
Received Import Request.
  Time since last request: 7.278237 seconds.
  path: Assets/blocPrefab/Bloc_simple.prefab
  artifactKey: Guid(87ba57a12b2d0e543b36d4cbc2ea73ef) Importer(815301076,1909f56bfc062723c751e8b465ee728b)
Start importing Assets/blocPrefab/Bloc_simple.prefab using Guid(87ba57a12b2d0e543b36d4cbc2ea73ef) Importer(815301076,1909f56bfc062723c751e8b465ee728b)  -> (artifact id: '63b838c9602fac959e86c4c3ecfc7616') in 0.009046 seconds
Number of updated asset objects reloaded before import = 0
Number of asset objects unloaded after import = 44
========================================================================
Received Import Request.
  Time since last request: 5.627942 seconds.
  path: Assets/blocPrefab/Bloc_simple.prefab
  artifactKey: Guid(87ba57a12b2d0e543b36d4cbc2ea73ef) Importer(815301076,1909f56bfc062723c751e8b465ee728b)
Start importing Assets/blocPrefab/Bloc_simple.prefab using Guid(87ba57a12b2d0e543b36d4cbc2ea73ef) Importer(815301076,1909f56bfc062723c751e8b465ee728b)  -> (artifact id: '306414293e52fe86cec68ec1bf52d25c') in 0.008791 seconds
Number of updated asset objects reloaded before import = 0
Number of asset objects unloaded after import = 44
========================================================================
Received Import Request.
  Time since last request: 4.104854 seconds.
  path: Assets/blocPrefab/Bloc_simple.prefab
  artifactKey: Guid(87ba57a12b2d0e543b36d4cbc2ea73ef) Importer(815301076,1909f56bfc062723c751e8b465ee728b)
Start importing Assets/blocPrefab/Bloc_simple.prefab using Guid(87ba57a12b2d0e543b36d4cbc2ea73ef) Importer(815301076,1909f56bfc062723c751e8b465ee728b)  -> (artifact id: '0a8207213ade7937d1cd8ec42770576a') in 0.008947 seconds
Number of updated asset objects reloaded before import = 0
Number of asset objects unloaded after import = 44
========================================================================
Received Import Request.
  Time since last request: 18.568324 seconds.
  path: Assets/blocPrefab/Bloc_croisement.prefab
  artifactKey: Guid(05da3d7e3ee44d240887c06c530f4001) Importer(815301076,1909f56bfc062723c751e8b465ee728b)
Start importing Assets/blocPrefab/Bloc_croisement.prefab using Guid(05da3d7e3ee44d240887c06c530f4001) Importer(815301076,1909f56bfc062723c751e8b465ee728b)  -> (artifact id: '3f5bb7a9f73472b213937d23d5399c70') in 0.010114 seconds
Number of updated asset objects reloaded before import = 0
Number of asset objects unloaded after import = 31
========================================================================
Received Import Request.
  Time since last request: 3.474027 seconds.
  path: Assets/blocPrefab/Bloc_croisement.prefab
  artifactKey: Guid(05da3d7e3ee44d240887c06c530f4001) Importer(815301076,1909f56bfc062723c751e8b465ee728b)
Start importing Assets/blocPrefab/Bloc_croisement.prefab using Guid(05da3d7e3ee44d240887c06c530f4001) Importer(815301076,1909f56bfc062723c751e8b465ee728b)  -> (artifact id: 'a7fc335a51c1a54de27a60abaca860a1') in 0.018553 seconds
Number of updated asset objects reloaded before import = 0
Number of asset objects unloaded after import = 36
========================================================================
Received Import Request.
  Time since last request: 1.804187 seconds.
  path: Assets/blocPrefab/Bloc_croisement.prefab
  artifactKey: Guid(05da3d7e3ee44d240887c06c530f4001) Importer(815301076,1909f56bfc062723c751e8b465ee728b)
Start importing Assets/blocPrefab/Bloc_croisement.prefab using Guid(05da3d7e3ee44d240887c06c530f4001) Importer(815301076,1909f56bfc062723c751e8b465ee728b)  -> (artifact id: 'a0fab017cb0852f3c459a231bc1bfa3c') in 0.009950 seconds
Number of updated asset objects reloaded before import = 0
Number of asset objects unloaded after import = 36
========================================================================
Received Import Request.
  Time since last request: 4.436101 seconds.
  path: Assets/blocPrefab/Bloc_croisement.prefab
  artifactKey: Guid(05da3d7e3ee44d240887c06c530f4001) Importer(815301076,1909f56bfc062723c751e8b465ee728b)
Start importing Assets/blocPrefab/Bloc_croisement.prefab using Guid(05da3d7e3ee44d240887c06c530f4001) Importer(815301076,1909f56bfc062723c751e8b465ee728b)  -> (artifact id: '845873a549c5c899b94fba987657edff') in 0.010274 seconds
Number of updated asset objects reloaded before import = 0
Number of asset objects unloaded after import = 36
========================================================================
Received Import Request.
  Time since last request: 1.002108 seconds.
  path: Assets/blocPrefab/Bloc_croisement.prefab
  artifactKey: Guid(05da3d7e3ee44d240887c06c530f4001) Importer(815301076,1909f56bfc062723c751e8b465ee728b)
Start importing Assets/blocPrefab/Bloc_croisement.prefab using Guid(05da3d7e3ee44d240887c06c530f4001) Importer(815301076,1909f56bfc062723c751e8b465ee728b)  -> (artifact id: '93a86a5975a1fdc9021e274787a0c244') in 0.009495 seconds
Number of updated asset objects reloaded before import = 0
Number of asset objects unloaded after import = 36
========================================================================
Received Import Request.
  Time since last request: 9.134517 seconds.
  path: Assets/blocPrefab/Bloc_croisement.prefab
  artifactKey: Guid(05da3d7e3ee44d240887c06c530f4001) Importer(815301076,1909f56bfc062723c751e8b465ee728b)
Start importing Assets/blocPrefab/Bloc_croisement.prefab using Guid(05da3d7e3ee44d240887c06c530f4001) Importer(815301076,1909f56bfc062723c751e8b465ee728b)  -> (artifact id: 'afaef937616886258cc2f67d580aed3c') in 0.020524 seconds
Number of updated asset objects reloaded before import = 0
Number of asset objects unloaded after import = 36
========================================================================
Received Import Request.
  Time since last request: 5.495564 seconds.
  path: Assets/blocPrefab/Bloc_croisement.prefab
  artifactKey: Guid(05da3d7e3ee44d240887c06c530f4001) Importer(815301076,1909f56bfc062723c751e8b465ee728b)
Start importing Assets/blocPrefab/Bloc_croisement.prefab using Guid(05da3d7e3ee44d240887c06c530f4001) Importer(815301076,1909f56bfc062723c751e8b465ee728b)  -> (artifact id: '05137a06f59050aa7db7d028dd27bf10') in 0.011619 seconds
Number of updated asset objects reloaded before import = 0
Number of asset objects unloaded after import = 36
========================================================================
Received Import Request.
  Time since last request: 1.800376 seconds.
  path: Assets/blocPrefab/Bloc_croisement.prefab
  artifactKey: Guid(05da3d7e3ee44d240887c06c530f4001) Importer(815301076,1909f56bfc062723c751e8b465ee728b)
Start importing Assets/blocPrefab/Bloc_croisement.prefab using Guid(05da3d7e3ee44d240887c06c530f4001) Importer(815301076,1909f56bfc062723c751e8b465ee728b)  -> (artifact id: 'fefbd8baaf2354255531a6ba7cb5733b') in 0.009670 seconds
Number of updated asset objects reloaded before import = 0
Number of asset objects unloaded after import = 41
========================================================================
Received Import Request.
  Time since last request: 0.808776 seconds.
  path: Assets/blocPrefab/Bloc_croisement.prefab
  artifactKey: Guid(05da3d7e3ee44d240887c06c530f4001) Importer(815301076,1909f56bfc062723c751e8b465ee728b)
Start importing Assets/blocPrefab/Bloc_croisement.prefab using Guid(05da3d7e3ee44d240887c06c530f4001) Importer(815301076,1909f56bfc062723c751e8b465ee728b)  -> (artifact id: '9334bb20e21ddabc71433321ddcaf47b') in 0.010655 seconds
Number of updated asset objects reloaded before import = 0
Number of asset objects unloaded after import = 46
========================================================================
Received Import Request.
  Time since last request: 0.403568 seconds.
  path: Assets/blocPrefab/Bloc_croisement.prefab
  artifactKey: Guid(05da3d7e3ee44d240887c06c530f4001) Importer(815301076,1909f56bfc062723c751e8b465ee728b)
Start importing Assets/blocPrefab/Bloc_croisement.prefab using Guid(05da3d7e3ee44d240887c06c530f4001) Importer(815301076,1909f56bfc062723c751e8b465ee728b)  -> (artifact id: 'cf16162d27e0e5c3aaffadd23f4624d1') in 0.009075 seconds
Number of updated asset objects reloaded before import = 0
Number of asset objects unloaded after import = 51
========================================================================
Received Import Request.
  Time since last request: 4.844700 seconds.
  path: Assets/blocPrefab/Bloc_croisement.prefab
  artifactKey: Guid(05da3d7e3ee44d240887c06c530f4001) Importer(815301076,1909f56bfc062723c751e8b465ee728b)
Start importing Assets/blocPrefab/Bloc_croisement.prefab using Guid(05da3d7e3ee44d240887c06c530f4001) Importer(815301076,1909f56bfc062723c751e8b465ee728b)  -> (artifact id: '60709536ed24581a60fad3c5efb261df') in 0.010253 seconds
Number of updated asset objects reloaded before import = 0
Number of asset objects unloaded after import = 51
========================================================================
Received Import Request.
  Time since last request: 4.664727 seconds.
  path: Assets/blocPrefab/Bloc_croisement.prefab
  artifactKey: Guid(05da3d7e3ee44d240887c06c530f4001) Importer(815301076,1909f56bfc062723c751e8b465ee728b)
Start importing Assets/blocPrefab/Bloc_croisement.prefab using Guid(05da3d7e3ee44d240887c06c530f4001) Importer(815301076,1909f56bfc062723c751e8b465ee728b)  -> (artifact id: '509038eb3bd7e629c90385d25bf8951e') in 0.009681 seconds
Number of updated asset objects reloaded before import = 0
Number of asset objects unloaded after import = 51
========================================================================
Received Import Request.
  Time since last request: 4.422096 seconds.
  path: Assets/blocPrefab/Bloc_croisement.prefab
  artifactKey: Guid(05da3d7e3ee44d240887c06c530f4001) Importer(815301076,1909f56bfc062723c751e8b465ee728b)
Start importing Assets/blocPrefab/Bloc_croisement.prefab using Guid(05da3d7e3ee44d240887c06c530f4001) Importer(815301076,1909f56bfc062723c751e8b465ee728b)  -> (artifact id: '2eee22d437dae434c020c0debe8b5bd6') in 0.010064 seconds
Number of updated asset objects reloaded before import = 0
Number of asset objects unloaded after import = 51
========================================================================
Received Import Request.
  Time since last request: 5.857572 seconds.
  path: Assets/blocPrefab/Bloc_croisement.prefab
  artifactKey: Guid(05da3d7e3ee44d240887c06c530f4001) Importer(815301076,1909f56bfc062723c751e8b465ee728b)
Start importing Assets/blocPrefab/Bloc_croisement.prefab using Guid(05da3d7e3ee44d240887c06c530f4001) Importer(815301076,1909f56bfc062723c751e8b465ee728b)  -> (artifact id: '9e6ca14902e3d87e3cb59093955dfa34') in 0.018509 seconds
Number of updated asset objects reloaded before import = 0
Number of asset objects unloaded after import = 51
========================================================================
Received Import Request.
  Time since last request: 5.015230 seconds.
  path: Assets/blocPrefab/Bloc_croisement.prefab
  artifactKey: Guid(05da3d7e3ee44d240887c06c530f4001) Importer(815301076,1909f56bfc062723c751e8b465ee728b)
Start importing Assets/blocPrefab/Bloc_croisement.prefab using Guid(05da3d7e3ee44d240887c06c530f4001) Importer(815301076,1909f56bfc062723c751e8b465ee728b)  -> (artifact id: '776d7c2d5892a58081c8474457793204') in 0.008875 seconds
Number of updated asset objects reloaded before import = 0
Number of asset objects unloaded after import = 51
========================================================================
Received Import Request.
  Time since last request: 2.820961 seconds.
  path: Assets/blocPrefab/Bloc_croisement.prefab
  artifactKey: Guid(05da3d7e3ee44d240887c06c530f4001) Importer(815301076,1909f56bfc062723c751e8b465ee728b)
Start importing Assets/blocPrefab/Bloc_croisement.prefab using Guid(05da3d7e3ee44d240887c06c530f4001) Importer(815301076,1909f56bfc062723c751e8b465ee728b)  -> (artifact id: '1f3f7060daee710b4a4d4d36030c6a08') in 0.019457 seconds
Number of updated asset objects reloaded before import = 0
Number of asset objects unloaded after import = 51
========================================================================
Received Import Request.
  Time since last request: 4.661007 seconds.
  path: Assets/blocPrefab/Bloc_croisement.prefab
  artifactKey: Guid(05da3d7e3ee44d240887c06c530f4001) Importer(815301076,1909f56bfc062723c751e8b465ee728b)
Start importing Assets/blocPrefab/Bloc_croisement.prefab using Guid(05da3d7e3ee44d240887c06c530f4001) Importer(815301076,1909f56bfc062723c751e8b465ee728b)  -> (artifact id: 'da1a98582b732e6dd01fff0decd55851') in 0.009905 seconds
Number of updated asset objects reloaded before import = 0
Number of asset objects unloaded after import = 51
========================================================================
Received Import Request.
  Time since last request: 3.023088 seconds.
  path: Assets/blocPrefab/Bloc_croisement.prefab
  artifactKey: Guid(05da3d7e3ee44d240887c06c530f4001) Importer(815301076,1909f56bfc062723c751e8b465ee728b)
Start importing Assets/blocPrefab/Bloc_croisement.prefab using Guid(05da3d7e3ee44d240887c06c530f4001) Importer(815301076,1909f56bfc062723c751e8b465ee728b)  -> (artifact id: 'db58eac8e64151f778d4970e73cd7fe6') in 0.018534 seconds
Number of updated asset objects reloaded before import = 0
Number of asset objects unloaded after import = 51
========================================================================
Received Import Request.
  Time since last request: 21.032546 seconds.
  path: ProjectSettings/TagManager.asset
  artifactKey: Guid(00000000000000003000000000000000) Importer(815301076,1909f56bfc062723c751e8b465ee728b)
Start importing ProjectSettings/TagManager.asset using Guid(00000000000000003000000000000000) Importer(815301076,1909f56bfc062723c751e8b465ee728b)  -> (artifact id: '6b9326e97e2461385864aa44f9e28ada') in 0.000706 seconds
Number of updated asset objects reloaded before import = 0
Number of asset objects unloaded after import = 0
========================================================================
Received Import Request.
  Time since last request: 38.783088 seconds.
  path: Assets/blocPrefab/Bloc_croisement.prefab
  artifactKey: Guid(05da3d7e3ee44d240887c06c530f4001) Importer(815301076,1909f56bfc062723c751e8b465ee728b)
Start importing Assets/blocPrefab/Bloc_croisement.prefab using Guid(05da3d7e3ee44d240887c06c530f4001) Importer(815301076,1909f56bfc062723c751e8b465ee728b)  -> (artifact id: 'bf53feb30ab78d4c4d5d26d39326fbde') in 0.017610 seconds
Number of updated asset objects reloaded before import = 0
Number of asset objects unloaded after import = 51
========================================================================
Received Import Request.
  Time since last request: 5.374969 seconds.
  path: Assets/blocPrefab/Bloc_simple.prefab
  artifactKey: Guid(87ba57a12b2d0e543b36d4cbc2ea73ef) Importer(815301076,1909f56bfc062723c751e8b465ee728b)
Start importing Assets/blocPrefab/Bloc_simple.prefab using Guid(87ba57a12b2d0e543b36d4cbc2ea73ef) Importer(815301076,1909f56bfc062723c751e8b465ee728b)  -> (artifact id: 'e51ad06c1089de7479b8a4a6f74aaa39') in 0.009920 seconds
Number of updated asset objects reloaded before import = 0
Number of asset objects unloaded after import = 44
========================================================================
Received Import Request.
  Time since last request: 3.040200 seconds.
  path: Assets/blocPrefab/Bloc_simple.prefab
  artifactKey: Guid(87ba57a12b2d0e543b36d4cbc2ea73ef) Importer(815301076,1909f56bfc062723c751e8b465ee728b)
Start importing Assets/blocPrefab/Bloc_simple.prefab using Guid(87ba57a12b2d0e543b36d4cbc2ea73ef) Importer(815301076,1909f56bfc062723c751e8b465ee728b)  -> (artifact id: '7f9c5e5712a8448a89a090bbfd3d6db5') in 0.009115 seconds
Number of updated asset objects reloaded before import = 0
Number of asset objects unloaded after import = 44
========================================================================
Received Import Request.
  Time since last request: 3.876729 seconds.
  path: Assets/blocPrefab/Bloc_simple.prefab
  artifactKey: Guid(87ba57a12b2d0e543b36d4cbc2ea73ef) Importer(815301076,1909f56bfc062723c751e8b465ee728b)
Start importing Assets/blocPrefab/Bloc_simple.prefab using Guid(87ba57a12b2d0e543b36d4cbc2ea73ef) Importer(815301076,1909f56bfc062723c751e8b465ee728b)  -> (artifact id: 'efa7de5bd86bfc832bb41cabd190e408') in 0.009280 seconds
Number of updated asset objects reloaded before import = 0
Number of asset objects unloaded after import = 44
========================================================================
Received Import Request.
  Time since last request: 2.933144 seconds.
  path: Assets/blocPrefab/Bloc_simple.prefab
  artifactKey: Guid(87ba57a12b2d0e543b36d4cbc2ea73ef) Importer(815301076,1909f56bfc062723c751e8b465ee728b)
Start importing Assets/blocPrefab/Bloc_simple.prefab using Guid(87ba57a12b2d0e543b36d4cbc2ea73ef) Importer(815301076,1909f56bfc062723c751e8b465ee728b)  -> (artifact id: '7fe53ee52ec33a6b82c847453a4b6608') in 0.010183 seconds
Number of updated asset objects reloaded before import = 0
Number of asset objects unloaded after import = 44
