Using pre-set license
Built from '2022.3/staging' branch; Version is '2022.3.8f1 (b5eafc012955) revision 11922172'; Using compiler version '192829333'; Build Type 'Release'
OS: 'Windows 10  (10.0.19045) 64bit Professional' Language: 'fr' Physical Memory: 32437 MB
BatchMode: 1, IsHumanControllingUs: 0, StartBugReporterOnCrash: 0, Is64bit: 1, IsPro: 1

COMMAND LINE ARGUMENTS:
C:\Program Files\Unity\Hub\Editor\2022.3.8f1\Editor\Unity.exe
-adb2
-batchMode
-noUpm
-name
AssetImportWorker5
-projectPath
C:/Users/samfr/Documents/Atelier/CitySkyline3/citySkyline3
-logFile
Logs/AssetImportWorker5.log
-srvPort
55369
Successfully changed project path to: C:/Users/samfr/Documents/Atelier/CitySkyline3/citySkyline3
C:/Users/samfr/Documents/Atelier/CitySkyline3/citySkyline3
[UnityMemory] Configuration Parameters - Can be set up in boot.config
    "memorysetup-bucket-allocator-granularity=16"
    "memorysetup-bucket-allocator-bucket-count=8"
    "memorysetup-bucket-allocator-block-size=33554432"
    "memorysetup-bucket-allocator-block-count=8"
    "memorysetup-main-allocator-block-size=16777216"
    "memorysetup-thread-allocator-block-size=16777216"
    "memorysetup-gfx-main-allocator-block-size=16777216"
    "memorysetup-gfx-thread-allocator-block-size=16777216"
    "memorysetup-cache-allocator-block-size=4194304"
    "memorysetup-typetree-allocator-block-size=2097152"
    "memorysetup-profiler-bucket-allocator-granularity=16"
    "memorysetup-profiler-bucket-allocator-bucket-count=8"
    "memorysetup-profiler-bucket-allocator-block-size=33554432"
    "memorysetup-profiler-bucket-allocator-block-count=8"
    "memorysetup-profiler-allocator-block-size=16777216"
    "memorysetup-profiler-editor-allocator-block-size=1048576"
    "memorysetup-temp-allocator-size-main=16777216"
    "memorysetup-job-temp-allocator-block-size=2097152"
    "memorysetup-job-temp-allocator-block-size-background=1048576"
    "memorysetup-job-temp-allocator-reduction-small-platforms=262144"
    "memorysetup-allocator-temp-initial-block-size-main=262144"
    "memorysetup-allocator-temp-initial-block-size-worker=262144"
    "memorysetup-temp-allocator-size-background-worker=32768"
    "memorysetup-temp-allocator-size-job-worker=262144"
    "memorysetup-temp-allocator-size-preload-manager=33554432"
    "memorysetup-temp-allocator-size-nav-mesh-worker=65536"
    "memorysetup-temp-allocator-size-audio-worker=65536"
    "memorysetup-temp-allocator-size-cloud-worker=32768"
    "memorysetup-temp-allocator-size-gi-baking-worker=262144"
    "memorysetup-temp-allocator-size-gfx=262144"
Player connection [16664] Host "[IP] 192.168.56.1 [Port] 0 [Flags] 2 [Guid] 1560705779 [EditorId] 1560705779 [Version] 1048832 [Id] WindowsEditor(7,sam-frdd-P4B) [Debug] 1 [PackageName] WindowsEditor [ProjectName] Editor" joined multi-casting on [225.0.0.222:54997]...

Player connection [16664] Host "[IP] 192.168.56.1 [Port] 0 [Flags] 2 [Guid] 1560705779 [EditorId] 1560705779 [Version] 1048832 [Id] WindowsEditor(7,sam-frdd-P4B) [Debug] 1 [PackageName] WindowsEditor [ProjectName] Editor" joined alternative multi-casting on [225.0.0.222:34997]...

[Physics::Module] Initialized MultithreadedJobDispatcher with 19 workers.
Refreshing native plugins compatible for Editor in 9.61 ms, found 3 plugins.
Preloading 0 native plugins for Editor in 0.00 ms.
Initialize engine version: 2022.3.8f1 (b5eafc012955)
[Subsystems] Discovering subsystems at path C:/Program Files/Unity/Hub/Editor/2022.3.8f1/Editor/Data/Resources/UnitySubsystems
[Subsystems] Discovering subsystems at path C:/Users/samfr/Documents/Atelier/CitySkyline3/citySkyline3/Assets
GfxDevice: creating device client; threaded=0; jobified=0
Direct3D:
    Version:  Direct3D 11.0 [level 11.1]
    Renderer: NVIDIA T400 4GB (ID=0x1ff2)
    Vendor:   NVIDIA
    VRAM:     3956 MB
    Driver:   31.0.15.3667
Initialize mono
Mono path[0] = 'C:/Program Files/Unity/Hub/Editor/2022.3.8f1/Editor/Data/Managed'
Mono path[1] = 'C:/Program Files/Unity/Hub/Editor/2022.3.8f1/Editor/Data/MonoBleedingEdge/lib/mono/unityjit-win32'
Mono config path = 'C:/Program Files/Unity/Hub/Editor/2022.3.8f1/Editor/Data/MonoBleedingEdge/etc'
Using monoOptions --debugger-agent=transport=dt_socket,embedding=1,server=y,suspend=n,address=127.0.0.1:56088
Begin MonoManager ReloadAssembly
Registering precompiled unity dll's ...
Register platform support module: C:/Program Files/Unity/Hub/Editor/2022.3.8f1/Editor/Data/PlaybackEngines/WindowsStandaloneSupport/UnityEditor.WindowsStandalone.Extensions.dll
Registered in 0.010306 seconds.
- Loaded All Assemblies, in  0.418 seconds
Native extension for WindowsStandalone target not found
Mono: successfully reloaded assembly
- Finished resetting the current domain, in  0.311 seconds
Domain Reload Profiling: 727ms
	BeginReloadAssembly (137ms)
		ExecutionOrderSort (0ms)
		DisableScriptedObjects (0ms)
		BackupInstance (0ms)
		ReleaseScriptingObjects (0ms)
		CreateAndSetChildDomain (1ms)
	RebuildCommonClasses (39ms)
	RebuildNativeTypeToScriptingClass (13ms)
	initialDomainReloadingComplete (73ms)
	LoadAllAssembliesAndSetupDomain (154ms)
		LoadAssemblies (133ms)
		RebuildTransferFunctionScriptingTraits (0ms)
		AnalyzeDomain (152ms)
			TypeCache.Refresh (150ms)
				TypeCache.ScanAssembly (135ms)
			ScanForSourceGeneratedMonoScriptInfo (0ms)
			ResolveRequiredComponents (1ms)
	FinalizeReload (312ms)
		ReleaseScriptCaches (0ms)
		RebuildScriptCaches (0ms)
		SetupLoadedEditorAssemblies (237ms)
			LogAssemblyErrors (0ms)
			InitializePlatformSupportModulesInManaged (11ms)
			SetLoadedEditorAssemblies (9ms)
			RefreshPlugins (0ms)
			BeforeProcessingInitializeOnLoad (2ms)
			ProcessInitializeOnLoadAttributes (157ms)
			ProcessInitializeOnLoadMethodAttributes (57ms)
			AfterProcessingInitializeOnLoad (0ms)
			EditorAssembliesLoaded (0ms)
		ExecutionOrderSort2 (0ms)
		AwakeInstancesAfterBackupRestoration (0ms)
========================================================================
Worker process is ready to serve import requests
Begin MonoManager ReloadAssembly
Symbol file data-0000023EE457BCB0 doesn't match image C:\Users\samfr\Documents\Atelier\CitySkyline3\citySkyline3\Library\ScriptAssemblies\Unity.Timeline.dll
Symbol file LoadedFromMemory is not a mono symbol file
Symbol file data-0000023F05C88060 doesn't match image C:\Users\samfr\Documents\Atelier\CitySkyline3\citySkyline3\Library\ScriptAssemblies\Unity.TestTools.CodeCoverage.Editor.OpenCover.Mono.Reflection.dll
Symbol file LoadedFromMemory is not a mono symbol file
Symbol file data-0000023EE3FCD500 doesn't match image C:\Users\samfr\Documents\Atelier\CitySkyline3\citySkyline3\Library\ScriptAssemblies\UnityEngine.UI.dll
Symbol file LoadedFromMemory is not a mono symbol file
Symbol file data-0000023F05C88060 doesn't match image C:\Users\samfr\Documents\Atelier\CitySkyline3\citySkyline3\Library\ScriptAssemblies\Unity.EditorCoroutines.Editor.dll
Symbol file LoadedFromMemory is not a mono symbol file
Symbol file data-0000023EE457BCB0 doesn't match image C:\Users\samfr\Documents\Atelier\CitySkyline3\citySkyline3\Library\ScriptAssemblies\Unity.VisualScripting.SettingsProvider.Editor.dll
Symbol file LoadedFromMemory is not a mono symbol file
Symbol file data-0000023EE3FCD500 doesn't match image C:\Users\samfr\Documents\Atelier\CitySkyline3\citySkyline3\Library\ScriptAssemblies\Unity.Performance.Profile-Analyzer.Editor.dll
Symbol file LoadedFromMemory is not a mono symbol file
Symbol file data-0000023EE457BCB0 doesn't match image C:\Users\samfr\Documents\Atelier\CitySkyline3\citySkyline3\Library\ScriptAssemblies\Unity.TestTools.CodeCoverage.Editor.dll
Symbol file LoadedFromMemory is not a mono symbol file
Symbol file data-0000023EE457BCB0 doesn't match image C:\Users\samfr\Documents\Atelier\CitySkyline3\citySkyline3\Library\ScriptAssemblies\Unity.TestTools.CodeCoverage.Editor.OpenCover.Model.dll
Symbol file LoadedFromMemory is not a mono symbol file
Symbol file data-0000023F068B4690 doesn't match image C:\Users\samfr\Documents\Atelier\CitySkyline3\citySkyline3\Library\ScriptAssemblies\Unity.PlasticSCM.Editor.dll
Symbol file LoadedFromMemory is not a mono symbol file
Symbol file data-0000023EE3E12880 doesn't match image C:\Users\samfr\Documents\Atelier\CitySkyline3\citySkyline3\Library\ScriptAssemblies\UnityEngine.TestRunner.dll
Symbol file LoadedFromMemory is not a mono symbol file
Symbol file data-0000023EE4583CC0 doesn't match image C:\Users\samfr\Documents\Atelier\CitySkyline3\citySkyline3\Library\ScriptAssemblies\Unity.VisualScripting.State.Editor.dll
Symbol file LoadedFromMemory is not a mono symbol file
Symbol file data-0000023F068D54A0 doesn't match image C:\Users\samfr\Documents\Atelier\CitySkyline3\citySkyline3\Library\ScriptAssemblies\Unity.Timeline.Editor.dll
Symbol file LoadedFromMemory is not a mono symbol file
Symbol file data-0000023EE3F5DE20 doesn't match image C:\Users\samfr\Documents\Atelier\CitySkyline3\citySkyline3\Library\ScriptAssemblies\Unity.Settings.Editor.dll
Symbol file LoadedFromMemory is not a mono symbol file
Symbol file data-0000023F0606FA30 doesn't match image C:\Users\samfr\Documents\Atelier\CitySkyline3\citySkyline3\Library\ScriptAssemblies\Unity.VisualScripting.Shared.Editor.dll
Symbol file LoadedFromMemory is not a mono symbol file
Symbol file data-0000023F0606FA30 doesn't match image C:\Users\samfr\Documents\Atelier\CitySkyline3\citySkyline3\Library\ScriptAssemblies\Unity.CollabProxy.Editor.dll
Symbol file LoadedFromMemory is not a mono symbol file
Symbol file data-0000023EE3FCD500 doesn't match image C:\Users\samfr\Documents\Atelier\CitySkyline3\citySkyline3\Library\ScriptAssemblies\Unity.VisualStudio.Editor.dll
Symbol file LoadedFromMemory is not a mono symbol file
Symbol file data-0000023F068D54A0 doesn't match image C:\Users\samfr\Documents\Atelier\CitySkyline3\citySkyline3\Library\ScriptAssemblies\Unity.TextMeshPro.dll
Symbol file LoadedFromMemory is not a mono symbol file
Symbol file data-0000023F068D54A0 doesn't match image C:\Users\samfr\Documents\Atelier\CitySkyline3\citySkyline3\Library\ScriptAssemblies\Unity.VisualScripting.Core.dll
Symbol file LoadedFromMemory is not a mono symbol file
Symbol file data-0000023EE3FCD500 doesn't match image C:\Users\samfr\Documents\Atelier\CitySkyline3\citySkyline3\Library\ScriptAssemblies\Unity.TextMeshPro.Editor.dll
Symbol file LoadedFromMemory is not a mono symbol file
Symbol file data-0000023EE4713420 doesn't match image C:\Users\samfr\Documents\Atelier\CitySkyline3\citySkyline3\Library\ScriptAssemblies\UnityEditor.UI.dll
Symbol file LoadedFromMemory is not a mono symbol file
Symbol file data-0000023EC095FFE0 doesn't match image C:\Users\samfr\Documents\Atelier\CitySkyline3\citySkyline3\Library\ScriptAssemblies\Unity.VisualScripting.Core.Editor.dll
Symbol file LoadedFromMemory is not a mono symbol file
Symbol file data-0000023EE4728E30 doesn't match image C:\Users\samfr\Documents\Atelier\CitySkyline3\citySkyline3\Library\ScriptAssemblies\Unity.Rider.Editor.dll
Symbol file LoadedFromMemory is not a mono symbol file
Symbol file data-0000023F068D54A0 doesn't match image C:\Users\samfr\Documents\Atelier\CitySkyline3\citySkyline3\Library\ScriptAssemblies\Unity.VisualScripting.State.dll
Symbol file LoadedFromMemory is not a mono symbol file
Symbol file data-0000023F068E12B0 doesn't match image C:\Users\samfr\Documents\Atelier\CitySkyline3\citySkyline3\Library\ScriptAssemblies\Unity.VSCode.Editor.dll
Symbol file LoadedFromMemory is not a mono symbol file
Symbol file data-0000023EC095FFE0 doesn't match image C:\Users\samfr\Documents\Atelier\CitySkyline3\citySkyline3\Library\ScriptAssemblies\UnityEditor.TestRunner.dll
Symbol file LoadedFromMemory is not a mono symbol file
Symbol file data-0000023EE40F1000 doesn't match image C:\Users\samfr\Documents\Atelier\CitySkyline3\citySkyline3\Library\ScriptAssemblies\Unity.VisualScripting.Flow.dll
Symbol file LoadedFromMemory is not a mono symbol file
Symbol file data-0000023EE4143E10 doesn't match image C:\Users\samfr\Documents\Atelier\CitySkyline3\citySkyline3\Library\ScriptAssemblies\Unity.VisualScripting.Flow.Editor.dll
Symbol file LoadedFromMemory is not a mono symbol file
- Loaded All Assemblies, in  0.682 seconds
Refreshing native plugins compatible for Editor in 3.30 ms, found 3 plugins.
Native extension for WindowsStandalone target not found
Package Manager log level set to [2]
[Package Manager] Server::EnsureServerProcessIsRunning -- launch failed, reason: Unity was launched with the -noUpm command-line argument
[Package Manager] UpmClient::Send -- Unable to send message (not connected to UPM process).
[Package Manager] Cannot connect to Unity Package Manager local server
Mono: successfully reloaded assembly
- Finished resetting the current domain, in  0.638 seconds
Domain Reload Profiling: 1319ms
	BeginReloadAssembly (155ms)
		ExecutionOrderSort (0ms)
		DisableScriptedObjects (7ms)
		BackupInstance (0ms)
		ReleaseScriptingObjects (0ms)
		CreateAndSetChildDomain (21ms)
	RebuildCommonClasses (39ms)
	RebuildNativeTypeToScriptingClass (13ms)
	initialDomainReloadingComplete (50ms)
	LoadAllAssembliesAndSetupDomain (423ms)
		LoadAssemblies (299ms)
		RebuildTransferFunctionScriptingTraits (0ms)
		AnalyzeDomain (197ms)
			TypeCache.Refresh (174ms)
				TypeCache.ScanAssembly (158ms)
			ScanForSourceGeneratedMonoScriptInfo (16ms)
			ResolveRequiredComponents (5ms)
	FinalizeReload (639ms)
		ReleaseScriptCaches (0ms)
		RebuildScriptCaches (0ms)
		SetupLoadedEditorAssemblies (466ms)
			LogAssemblyErrors (0ms)
			InitializePlatformSupportModulesInManaged (8ms)
			SetLoadedEditorAssemblies (4ms)
			RefreshPlugins (0ms)
			BeforeProcessingInitializeOnLoad (67ms)
			ProcessInitializeOnLoadAttributes (357ms)
			ProcessInitializeOnLoadMethodAttributes (22ms)
			AfterProcessingInitializeOnLoad (8ms)
			EditorAssembliesLoaded (0ms)
		ExecutionOrderSort2 (0ms)
		AwakeInstancesAfterBackupRestoration (8ms)
Launched and connected shader compiler UnityShaderCompiler.exe after 0.04 seconds
Refreshing native plugins compatible for Editor in 3.34 ms, found 3 plugins.
Preloading 0 native plugins for Editor in 0.00 ms.
Unloading 3069 Unused Serialized files (Serialized files now loaded: 0)
Unloading 31 unused Assets / (56.3 KB). Loaded Objects now: 3531.
Memory consumption went from 115.0 MB to 114.9 MB.
Total: 3.651800 ms (FindLiveObjects: 0.413700 ms CreateObjectMapping: 0.124600 ms MarkObjects: 3.006100 ms  DeleteObjects: 0.106000 ms)

AssetImportParameters requested are different than current active one (requested -> active):
  custom:container-demuxer-ogg: 62fdf1f143b41e24485cea50d1cbac27 -> 
  custom:video-decoder-ogg-theora: a1e56fd34408186e4bbccfd4996cb3dc -> 
  custom:framework-win-MediaFoundation: 216162199b28c13a410421893ffa2e32 -> 
  custom:CustomObjectIndexerAttribute: 756ad292c208cfabdd7b50bc23989ffe -> 
  custom:container-demuxer-webm: 4f35f7cbe854078d1ac9338744f61a02 -> 
  custom:container-muxer-webm: aa71ff27fc2769a1b78a27578f13a17b -> 
  custom:video-decoder-webm-vp8: 9c59270c3fd7afecdb556c50c9e8de78 -> 
  custom:SearchIndexIgnoredProperties: e643bd26f0fe6173181afceb89e7c659 -> 
  custom:AudioImporter_EditorPlatform: d09bf68614088b80899f8185d706f6e7 -> 
  custom:video-encoder-webm-vp8: eb34c28f22e8b96e1ab97ce403110664 -> 
  custom:audio-decoder-ogg-vorbis: bf7c407c2cedff20999df2af8eb42d56 -> 
  custom:audio-encoder-webm-vorbis: bf7c407c2cedff20999df2af8eb42d56 -> 
========================================================================
Received Prepare
Begin MonoManager ReloadAssembly
Symbol file data-0000023EE3D20010 doesn't match image C:\Users\samfr\Documents\Atelier\CitySkyline3\citySkyline3\Library\ScriptAssemblies\Unity.Timeline.dll
Symbol file LoadedFromMemory is not a mono symbol file
Symbol file data-0000023EE3FEB0E0 doesn't match image C:\Users\samfr\Documents\Atelier\CitySkyline3\citySkyline3\Library\ScriptAssemblies\Unity.TestTools.CodeCoverage.Editor.OpenCover.Mono.Reflection.dll
Symbol file LoadedFromMemory is not a mono symbol file
Symbol file data-0000023F0F2F9020 doesn't match image C:\Users\samfr\Documents\Atelier\CitySkyline3\citySkyline3\Library\ScriptAssemblies\UnityEngine.UI.dll
Symbol file LoadedFromMemory is not a mono symbol file
Symbol file data-0000023EE3FEB0E0 doesn't match image C:\Users\samfr\Documents\Atelier\CitySkyline3\citySkyline3\Library\ScriptAssemblies\Unity.EditorCoroutines.Editor.dll
Symbol file LoadedFromMemory is not a mono symbol file
Symbol file data-0000023F0F788020 doesn't match image C:\Users\samfr\Documents\Atelier\CitySkyline3\citySkyline3\Library\ScriptAssemblies\Unity.VisualScripting.SettingsProvider.Editor.dll
Symbol file LoadedFromMemory is not a mono symbol file
Symbol file data-0000023F05F75010 doesn't match image C:\Users\samfr\Documents\Atelier\CitySkyline3\citySkyline3\Library\ScriptAssemblies\Unity.Performance.Profile-Analyzer.Editor.dll
Symbol file LoadedFromMemory is not a mono symbol file
Symbol file data-0000023EE43E8A10 doesn't match image C:\Users\samfr\Documents\Atelier\CitySkyline3\citySkyline3\Library\ScriptAssemblies\Unity.TestTools.CodeCoverage.Editor.dll
Symbol file LoadedFromMemory is not a mono symbol file
Symbol file data-0000023F10E19BB0 doesn't match image C:\Users\samfr\Documents\Atelier\CitySkyline3\citySkyline3\Library\ScriptAssemblies\Unity.TestTools.CodeCoverage.Editor.OpenCover.Model.dll
Symbol file LoadedFromMemory is not a mono symbol file
Symbol file data-0000023F072C4020 doesn't match image C:\Users\samfr\Documents\Atelier\CitySkyline3\citySkyline3\Library\ScriptAssemblies\Unity.PlasticSCM.Editor.dll
Symbol file LoadedFromMemory is not a mono symbol file
Symbol file data-0000023EE3BD09C0 doesn't match image C:\Users\samfr\Documents\Atelier\CitySkyline3\citySkyline3\Library\ScriptAssemblies\UnityEngine.TestRunner.dll
Symbol file LoadedFromMemory is not a mono symbol file
Symbol file data-0000023EC044F390 doesn't match image C:\Users\samfr\Documents\Atelier\CitySkyline3\citySkyline3\Library\ScriptAssemblies\Unity.VisualScripting.State.Editor.dll
Symbol file LoadedFromMemory is not a mono symbol file
Symbol file data-0000023F0F256FC0 doesn't match image C:\Users\samfr\Documents\Atelier\CitySkyline3\citySkyline3\Library\ScriptAssemblies\Unity.Timeline.Editor.dll
Symbol file LoadedFromMemory is not a mono symbol file
Symbol file data-0000023F10E19BB0 doesn't match image C:\Users\samfr\Documents\Atelier\CitySkyline3\citySkyline3\Library\ScriptAssemblies\Unity.Settings.Editor.dll
Symbol file LoadedFromMemory is not a mono symbol file
Symbol file data-0000023F10E19BB0 doesn't match image C:\Users\samfr\Documents\Atelier\CitySkyline3\citySkyline3\Library\ScriptAssemblies\Unity.VisualScripting.Shared.Editor.dll
Symbol file LoadedFromMemory is not a mono symbol file
Symbol file data-0000023F10E19BB0 doesn't match image C:\Users\samfr\Documents\Atelier\CitySkyline3\citySkyline3\Library\ScriptAssemblies\Unity.CollabProxy.Editor.dll
Symbol file LoadedFromMemory is not a mono symbol file
Symbol file data-0000023EC044F390 doesn't match image C:\Users\samfr\Documents\Atelier\CitySkyline3\citySkyline3\Library\ScriptAssemblies\Unity.VisualStudio.Editor.dll
Symbol file LoadedFromMemory is not a mono symbol file
Symbol file data-0000023F0F3AF040 doesn't match image C:\Users\samfr\Documents\Atelier\CitySkyline3\citySkyline3\Library\ScriptAssemblies\Unity.TextMeshPro.dll
Symbol file LoadedFromMemory is not a mono symbol file
Symbol file data-0000023F0F3AF040 doesn't match image C:\Users\samfr\Documents\Atelier\CitySkyline3\citySkyline3\Library\ScriptAssemblies\Unity.VisualScripting.Core.dll
Symbol file LoadedFromMemory is not a mono symbol file
Symbol file data-0000023F07352030 doesn't match image C:\Users\samfr\Documents\Atelier\CitySkyline3\citySkyline3\Library\ScriptAssemblies\Unity.TextMeshPro.Editor.dll
Symbol file LoadedFromMemory is not a mono symbol file
Symbol file data-0000023F07109040 doesn't match image C:\Users\samfr\Documents\Atelier\CitySkyline3\citySkyline3\Library\ScriptAssemblies\UnityEditor.UI.dll
Symbol file LoadedFromMemory is not a mono symbol file
Symbol file data-0000023EE3F8BEF0 doesn't match image C:\Users\samfr\Documents\Atelier\CitySkyline3\citySkyline3\Library\ScriptAssemblies\Unity.VisualScripting.Core.Editor.dll
Symbol file LoadedFromMemory is not a mono symbol file
Symbol file data-0000023F07109040 doesn't match image C:\Users\samfr\Documents\Atelier\CitySkyline3\citySkyline3\Library\ScriptAssemblies\Unity.Rider.Editor.dll
Symbol file LoadedFromMemory is not a mono symbol file
Symbol file data-0000023F05E9FE30 doesn't match image C:\Users\samfr\Documents\Atelier\CitySkyline3\citySkyline3\Library\ScriptAssemblies\Unity.VisualScripting.State.dll
Symbol file LoadedFromMemory is not a mono symbol file
Symbol file data-0000023F05E9FE30 doesn't match image C:\Users\samfr\Documents\Atelier\CitySkyline3\citySkyline3\Library\ScriptAssemblies\Unity.VSCode.Editor.dll
Symbol file LoadedFromMemory is not a mono symbol file
Symbol file data-0000023F05AC4010 doesn't match image C:\Users\samfr\Documents\Atelier\CitySkyline3\citySkyline3\Library\ScriptAssemblies\UnityEditor.TestRunner.dll
Symbol file LoadedFromMemory is not a mono symbol file
Symbol file data-0000023F0F009020 doesn't match image C:\Users\samfr\Documents\Atelier\CitySkyline3\citySkyline3\Library\ScriptAssemblies\Unity.VisualScripting.Flow.dll
Symbol file LoadedFromMemory is not a mono symbol file
Symbol file data-0000023EE3F5DE20 doesn't match image C:\Users\samfr\Documents\Atelier\CitySkyline3\citySkyline3\Library\ScriptAssemblies\Unity.VisualScripting.Flow.Editor.dll
Symbol file LoadedFromMemory is not a mono symbol file
- Loaded All Assemblies, in  0.462 seconds
Refreshing native plugins compatible for Editor in 3.31 ms, found 3 plugins.
Native extension for WindowsStandalone target not found
[Package Manager] Server::EnsureServerProcessIsRunning -- launch failed, reason: Unity was launched with the -noUpm command-line argument
[Package Manager] UpmClient::Send -- Unable to send message (not connected to UPM process).
[Package Manager] Cannot connect to Unity Package Manager local server
Mono: successfully reloaded assembly
- Finished resetting the current domain, in  0.967 seconds
Domain Reload Profiling: 1426ms
	BeginReloadAssembly (161ms)
		ExecutionOrderSort (0ms)
		DisableScriptedObjects (6ms)
		BackupInstance (0ms)
		ReleaseScriptingObjects (0ms)
		CreateAndSetChildDomain (30ms)
	RebuildCommonClasses (35ms)
	RebuildNativeTypeToScriptingClass (13ms)
	initialDomainReloadingComplete (34ms)
	LoadAllAssembliesAndSetupDomain (216ms)
		LoadAssemblies (290ms)
		RebuildTransferFunctionScriptingTraits (0ms)
		AnalyzeDomain (13ms)
			TypeCache.Refresh (6ms)
				TypeCache.ScanAssembly (0ms)
			ScanForSourceGeneratedMonoScriptInfo (0ms)
			ResolveRequiredComponents (5ms)
	FinalizeReload (967ms)
		ReleaseScriptCaches (0ms)
		RebuildScriptCaches (0ms)
		SetupLoadedEditorAssemblies (452ms)
			LogAssemblyErrors (0ms)
			InitializePlatformSupportModulesInManaged (8ms)
			SetLoadedEditorAssemblies (4ms)
			RefreshPlugins (0ms)
			BeforeProcessingInitializeOnLoad (72ms)
			ProcessInitializeOnLoadAttributes (335ms)
			ProcessInitializeOnLoadMethodAttributes (22ms)
			AfterProcessingInitializeOnLoad (11ms)
			EditorAssembliesLoaded (0ms)
		ExecutionOrderSort2 (0ms)
		AwakeInstancesAfterBackupRestoration (9ms)
Refreshing native plugins compatible for Editor in 3.74 ms, found 3 plugins.
Preloading 0 native plugins for Editor in 0.00 ms.
Unloading 3062 Unused Serialized files (Serialized files now loaded: 0)
Unloading 22 unused Assets / (30.5 KB). Loaded Objects now: 3534.
Memory consumption went from 114.0 MB to 114.0 MB.
Total: 3.428200 ms (FindLiveObjects: 0.434600 ms CreateObjectMapping: 0.150400 ms MarkObjects: 2.794900 ms  DeleteObjects: 0.047200 ms)

Prepare: number of updated asset objects reloaded= 0
AssetImportParameters requested are different than current active one (requested -> active):
  custom:container-demuxer-ogg: 62fdf1f143b41e24485cea50d1cbac27 -> 
  custom:video-decoder-ogg-theora: a1e56fd34408186e4bbccfd4996cb3dc -> 
  custom:framework-win-MediaFoundation: 216162199b28c13a410421893ffa2e32 -> 
  custom:CustomObjectIndexerAttribute: 756ad292c208cfabdd7b50bc23989ffe -> 
  custom:container-demuxer-webm: 4f35f7cbe854078d1ac9338744f61a02 -> 
  custom:container-muxer-webm: aa71ff27fc2769a1b78a27578f13a17b -> 
  custom:video-decoder-webm-vp8: 9c59270c3fd7afecdb556c50c9e8de78 -> 
  custom:SearchIndexIgnoredProperties: e643bd26f0fe6173181afceb89e7c659 -> 
  custom:AudioImporter_EditorPlatform: d09bf68614088b80899f8185d706f6e7 -> 
  custom:video-encoder-webm-vp8: eb34c28f22e8b96e1ab97ce403110664 -> 
  custom:audio-decoder-ogg-vorbis: bf7c407c2cedff20999df2af8eb42d56 -> 
  custom:audio-encoder-webm-vorbis: bf7c407c2cedff20999df2af8eb42d56 -> 
========================================================================
Received Prepare
Begin MonoManager ReloadAssembly
Symbol file data-0000023EE3D20010 doesn't match image C:\Users\samfr\Documents\Atelier\CitySkyline3\citySkyline3\Library\ScriptAssemblies\Unity.Timeline.dll
Symbol file LoadedFromMemory is not a mono symbol file
Symbol file data-0000023F06DB3910 doesn't match image C:\Users\samfr\Documents\Atelier\CitySkyline3\citySkyline3\Library\ScriptAssemblies\Unity.TestTools.CodeCoverage.Editor.OpenCover.Mono.Reflection.dll
Symbol file LoadedFromMemory is not a mono symbol file
Symbol file data-0000023F0F2F9020 doesn't match image C:\Users\samfr\Documents\Atelier\CitySkyline3\citySkyline3\Library\ScriptAssemblies\UnityEngine.UI.dll
Symbol file LoadedFromMemory is not a mono symbol file
Symbol file data-0000023F06DB3910 doesn't match image C:\Users\samfr\Documents\Atelier\CitySkyline3\citySkyline3\Library\ScriptAssemblies\Unity.EditorCoroutines.Editor.dll
Symbol file LoadedFromMemory is not a mono symbol file
Symbol file data-0000023EE3BE7210 doesn't match image C:\Users\samfr\Documents\Atelier\CitySkyline3\citySkyline3\Library\ScriptAssemblies\Unity.VisualScripting.SettingsProvider.Editor.dll
Symbol file LoadedFromMemory is not a mono symbol file
Symbol file data-0000023F05F75010 doesn't match image C:\Users\samfr\Documents\Atelier\CitySkyline3\citySkyline3\Library\ScriptAssemblies\Unity.Performance.Profile-Analyzer.Editor.dll
Symbol file LoadedFromMemory is not a mono symbol file
Symbol file data-0000023F0F35EE30 doesn't match image C:\Users\samfr\Documents\Atelier\CitySkyline3\citySkyline3\Library\ScriptAssemblies\Unity.TestTools.CodeCoverage.Editor.dll
Symbol file LoadedFromMemory is not a mono symbol file
Symbol file data-0000023F0EF55060 doesn't match image C:\Users\samfr\Documents\Atelier\CitySkyline3\citySkyline3\Library\ScriptAssemblies\Unity.TestTools.CodeCoverage.Editor.OpenCover.Model.dll
Symbol file LoadedFromMemory is not a mono symbol file
Symbol file data-0000023F0F3AF040 doesn't match image C:\Users\samfr\Documents\Atelier\CitySkyline3\citySkyline3\Library\ScriptAssemblies\Unity.PlasticSCM.Editor.dll
Symbol file LoadedFromMemory is not a mono symbol file
Symbol file data-0000023F077DD830 doesn't match image C:\Users\samfr\Documents\Atelier\CitySkyline3\citySkyline3\Library\ScriptAssemblies\UnityEngine.TestRunner.dll
Symbol file LoadedFromMemory is not a mono symbol file
Symbol file data-0000023F05CD4840 doesn't match image C:\Users\samfr\Documents\Atelier\CitySkyline3\citySkyline3\Library\ScriptAssemblies\Unity.VisualScripting.State.Editor.dll
Symbol file LoadedFromMemory is not a mono symbol file
Symbol file data-0000023EE3F8BEF0 doesn't match image C:\Users\samfr\Documents\Atelier\CitySkyline3\citySkyline3\Library\ScriptAssemblies\Unity.Timeline.Editor.dll
Symbol file LoadedFromMemory is not a mono symbol file
Symbol file data-0000023F0EF55060 doesn't match image C:\Users\samfr\Documents\Atelier\CitySkyline3\citySkyline3\Library\ScriptAssemblies\Unity.Settings.Editor.dll
Symbol file LoadedFromMemory is not a mono symbol file
Symbol file data-0000023F0EF55060 doesn't match image C:\Users\samfr\Documents\Atelier\CitySkyline3\citySkyline3\Library\ScriptAssemblies\Unity.VisualScripting.Shared.Editor.dll
Symbol file LoadedFromMemory is not a mono symbol file
Symbol file data-0000023F0EF55060 doesn't match image C:\Users\samfr\Documents\Atelier\CitySkyline3\citySkyline3\Library\ScriptAssemblies\Unity.CollabProxy.Editor.dll
Symbol file LoadedFromMemory is not a mono symbol file
Symbol file data-0000023F05CD4840 doesn't match image C:\Users\samfr\Documents\Atelier\CitySkyline3\citySkyline3\Library\ScriptAssemblies\Unity.VisualStudio.Editor.dll
Symbol file LoadedFromMemory is not a mono symbol file
Symbol file data-0000023EE3DEEA70 doesn't match image C:\Users\samfr\Documents\Atelier\CitySkyline3\citySkyline3\Library\ScriptAssemblies\Unity.TextMeshPro.dll
Symbol file LoadedFromMemory is not a mono symbol file
Symbol file data-0000023F0F009020 doesn't match image C:\Users\samfr\Documents\Atelier\CitySkyline3\citySkyline3\Library\ScriptAssemblies\Unity.VisualScripting.Core.dll
Symbol file LoadedFromMemory is not a mono symbol file
Symbol file data-0000023EE3D74010 doesn't match image C:\Users\samfr\Documents\Atelier\CitySkyline3\citySkyline3\Library\ScriptAssemblies\Unity.TextMeshPro.Editor.dll
Symbol file LoadedFromMemory is not a mono symbol file
Symbol file data-0000023F05CD4840 doesn't match image C:\Users\samfr\Documents\Atelier\CitySkyline3\citySkyline3\Library\ScriptAssemblies\UnityEditor.UI.dll
Symbol file LoadedFromMemory is not a mono symbol file
Symbol file data-0000023F068B4690 doesn't match image C:\Users\samfr\Documents\Atelier\CitySkyline3\citySkyline3\Library\ScriptAssemblies\Unity.VisualScripting.Core.Editor.dll
Symbol file LoadedFromMemory is not a mono symbol file
Symbol file data-0000023F05CD4840 doesn't match image C:\Users\samfr\Documents\Atelier\CitySkyline3\citySkyline3\Library\ScriptAssemblies\Unity.Rider.Editor.dll
Symbol file LoadedFromMemory is not a mono symbol file
Symbol file data-0000023F10D022C0 doesn't match image C:\Users\samfr\Documents\Atelier\CitySkyline3\citySkyline3\Library\ScriptAssemblies\Unity.VisualScripting.State.dll
Symbol file LoadedFromMemory is not a mono symbol file
Symbol file data-0000023F10D022C0 doesn't match image C:\Users\samfr\Documents\Atelier\CitySkyline3\citySkyline3\Library\ScriptAssemblies\Unity.VSCode.Editor.dll
Symbol file LoadedFromMemory is not a mono symbol file
Symbol file data-0000023F05F75010 doesn't match image C:\Users\samfr\Documents\Atelier\CitySkyline3\citySkyline3\Library\ScriptAssemblies\UnityEditor.TestRunner.dll
Symbol file LoadedFromMemory is not a mono symbol file
Symbol file data-0000023F0F3AF040 doesn't match image C:\Users\samfr\Documents\Atelier\CitySkyline3\citySkyline3\Library\ScriptAssemblies\Unity.VisualScripting.Flow.dll
Symbol file LoadedFromMemory is not a mono symbol file
Symbol file data-0000023F05F75010 doesn't match image C:\Users\samfr\Documents\Atelier\CitySkyline3\citySkyline3\Library\ScriptAssemblies\Unity.VisualScripting.Flow.Editor.dll
Symbol file LoadedFromMemory is not a mono symbol file
- Loaded All Assemblies, in  0.488 seconds
Refreshing native plugins compatible for Editor in 3.71 ms, found 3 plugins.
Native extension for WindowsStandalone target not found
[Package Manager] Server::EnsureServerProcessIsRunning -- launch failed, reason: Unity was launched with the -noUpm command-line argument
[Package Manager] UpmClient::Send -- Unable to send message (not connected to UPM process).
[Package Manager] Cannot connect to Unity Package Manager local server
Mono: successfully reloaded assembly
- Finished resetting the current domain, in  1.019 seconds
Domain Reload Profiling: 1504ms
	BeginReloadAssembly (164ms)
		ExecutionOrderSort (0ms)
		DisableScriptedObjects (6ms)
		BackupInstance (0ms)
		ReleaseScriptingObjects (0ms)
		CreateAndSetChildDomain (30ms)
	RebuildCommonClasses (36ms)
	RebuildNativeTypeToScriptingClass (13ms)
	initialDomainReloadingComplete (34ms)
	LoadAllAssembliesAndSetupDomain (238ms)
		LoadAssemblies (317ms)
		RebuildTransferFunctionScriptingTraits (0ms)
		AnalyzeDomain (14ms)
			TypeCache.Refresh (7ms)
				TypeCache.ScanAssembly (0ms)
			ScanForSourceGeneratedMonoScriptInfo (0ms)
			ResolveRequiredComponents (6ms)
	FinalizeReload (1019ms)
		ReleaseScriptCaches (0ms)
		RebuildScriptCaches (0ms)
		SetupLoadedEditorAssemblies (445ms)
			LogAssemblyErrors (0ms)
			InitializePlatformSupportModulesInManaged (8ms)
			SetLoadedEditorAssemblies (5ms)
			RefreshPlugins (0ms)
			BeforeProcessingInitializeOnLoad (70ms)
			ProcessInitializeOnLoadAttributes (329ms)
			ProcessInitializeOnLoadMethodAttributes (23ms)
			AfterProcessingInitializeOnLoad (9ms)
			EditorAssembliesLoaded (0ms)
		ExecutionOrderSort2 (0ms)
		AwakeInstancesAfterBackupRestoration (9ms)
Refreshing native plugins compatible for Editor in 3.78 ms, found 3 plugins.
Preloading 0 native plugins for Editor in 0.00 ms.
Unloading 3062 Unused Serialized files (Serialized files now loaded: 0)
Unloading 22 unused Assets / (30.5 KB). Loaded Objects now: 3537.
Memory consumption went from 114.0 MB to 114.0 MB.
Total: 3.275800 ms (FindLiveObjects: 0.450400 ms CreateObjectMapping: 0.128000 ms MarkObjects: 2.646600 ms  DeleteObjects: 0.049800 ms)

Prepare: number of updated asset objects reloaded= 0
AssetImportParameters requested are different than current active one (requested -> active):
  custom:container-demuxer-ogg: 62fdf1f143b41e24485cea50d1cbac27 -> 
  custom:video-decoder-ogg-theora: a1e56fd34408186e4bbccfd4996cb3dc -> 
  custom:framework-win-MediaFoundation: 216162199b28c13a410421893ffa2e32 -> 
  custom:CustomObjectIndexerAttribute: 756ad292c208cfabdd7b50bc23989ffe -> 
  custom:container-demuxer-webm: 4f35f7cbe854078d1ac9338744f61a02 -> 
  custom:container-muxer-webm: aa71ff27fc2769a1b78a27578f13a17b -> 
  custom:video-decoder-webm-vp8: 9c59270c3fd7afecdb556c50c9e8de78 -> 
  custom:SearchIndexIgnoredProperties: e643bd26f0fe6173181afceb89e7c659 -> 
  custom:AudioImporter_EditorPlatform: d09bf68614088b80899f8185d706f6e7 -> 
  custom:video-encoder-webm-vp8: eb34c28f22e8b96e1ab97ce403110664 -> 
  custom:audio-decoder-ogg-vorbis: bf7c407c2cedff20999df2af8eb42d56 -> 
  custom:audio-encoder-webm-vorbis: bf7c407c2cedff20999df2af8eb42d56 -> 
========================================================================
Received Prepare
Begin MonoManager ReloadAssembly
- Loaded All Assemblies, in  0.536 seconds
Refreshing native plugins compatible for Editor in 3.56 ms, found 3 plugins.
Native extension for WindowsStandalone target not found
[Package Manager] Server::EnsureServerProcessIsRunning -- launch failed, reason: Unity was launched with the -noUpm command-line argument
[Package Manager] UpmClient::Send -- Unable to send message (not connected to UPM process).
[Package Manager] Cannot connect to Unity Package Manager local server
Mono: successfully reloaded assembly
- Finished resetting the current domain, in  0.875 seconds
Domain Reload Profiling: 1408ms
	BeginReloadAssembly (151ms)
		ExecutionOrderSort (0ms)
		DisableScriptedObjects (6ms)
		BackupInstance (0ms)
		ReleaseScriptingObjects (0ms)
		CreateAndSetChildDomain (30ms)
	RebuildCommonClasses (37ms)
	RebuildNativeTypeToScriptingClass (13ms)
	initialDomainReloadingComplete (33ms)
	LoadAllAssembliesAndSetupDomain (300ms)
		LoadAssemblies (290ms)
		RebuildTransferFunctionScriptingTraits (0ms)
		AnalyzeDomain (93ms)
			TypeCache.Refresh (74ms)
				TypeCache.ScanAssembly (63ms)
			ScanForSourceGeneratedMonoScriptInfo (13ms)
			ResolveRequiredComponents (5ms)
	FinalizeReload (875ms)
		ReleaseScriptCaches (0ms)
		RebuildScriptCaches (0ms)
		SetupLoadedEditorAssemblies (413ms)
			LogAssemblyErrors (0ms)
			InitializePlatformSupportModulesInManaged (8ms)
			SetLoadedEditorAssemblies (4ms)
			RefreshPlugins (0ms)
			BeforeProcessingInitializeOnLoad (65ms)
			ProcessInitializeOnLoadAttributes (306ms)
			ProcessInitializeOnLoadMethodAttributes (21ms)
			AfterProcessingInitializeOnLoad (10ms)
			EditorAssembliesLoaded (0ms)
		ExecutionOrderSort2 (0ms)
		AwakeInstancesAfterBackupRestoration (9ms)
Refreshing native plugins compatible for Editor in 3.62 ms, found 3 plugins.
Preloading 0 native plugins for Editor in 0.00 ms.
Unloading 3063 Unused Serialized files (Serialized files now loaded: 0)
Unloading 22 unused Assets / (30.5 KB). Loaded Objects now: 3541.
Memory consumption went from 114.1 MB to 114.0 MB.
Total: 2.987700 ms (FindLiveObjects: 0.429800 ms CreateObjectMapping: 0.100300 ms MarkObjects: 2.411300 ms  DeleteObjects: 0.044900 ms)

Prepare: number of updated asset objects reloaded= 0
AssetImportParameters requested are different than current active one (requested -> active):
  custom:container-demuxer-ogg: 62fdf1f143b41e24485cea50d1cbac27 -> 
  custom:video-decoder-ogg-theora: a1e56fd34408186e4bbccfd4996cb3dc -> 
  custom:framework-win-MediaFoundation: 216162199b28c13a410421893ffa2e32 -> 
  custom:CustomObjectIndexerAttribute: 756ad292c208cfabdd7b50bc23989ffe -> 
  custom:container-demuxer-webm: 4f35f7cbe854078d1ac9338744f61a02 -> 
  custom:container-muxer-webm: aa71ff27fc2769a1b78a27578f13a17b -> 
  custom:video-decoder-webm-vp8: 9c59270c3fd7afecdb556c50c9e8de78 -> 
  custom:SearchIndexIgnoredProperties: e643bd26f0fe6173181afceb89e7c659 -> 
  custom:AudioImporter_EditorPlatform: d09bf68614088b80899f8185d706f6e7 -> 
  custom:video-encoder-webm-vp8: eb34c28f22e8b96e1ab97ce403110664 -> 
  custom:audio-decoder-ogg-vorbis: bf7c407c2cedff20999df2af8eb42d56 -> 
  custom:audio-encoder-webm-vorbis: bf7c407c2cedff20999df2af8eb42d56 -> 
========================================================================
Received Import Request.
  Time since last request: 9269.176656 seconds.
  path: Assets/Script/GameManager.cs
  artifactKey: Guid(dac4628b32dd9af43acd8e324a5b5fac) Importer(815301076,1909f56bfc062723c751e8b465ee728b)
Start importing Assets/Script/GameManager.cs using Guid(dac4628b32dd9af43acd8e324a5b5fac) Importer(815301076,1909f56bfc062723c751e8b465ee728b)  -> (artifact id: 'a9c17305b5e5651234228e6466651c70') in 0.003596 seconds
Number of updated asset objects reloaded before import = 0
Number of asset objects unloaded after import = 0
========================================================================
Received Prepare
Begin MonoManager ReloadAssembly
- Loaded All Assemblies, in  0.460 seconds
Refreshing native plugins compatible for Editor in 3.89 ms, found 3 plugins.
Native extension for WindowsStandalone target not found
[Package Manager] Server::EnsureServerProcessIsRunning -- launch failed, reason: Unity was launched with the -noUpm command-line argument
[Package Manager] UpmClient::Send -- Unable to send message (not connected to UPM process).
[Package Manager] Cannot connect to Unity Package Manager local server
Mono: successfully reloaded assembly
- Finished resetting the current domain, in  0.940 seconds
Domain Reload Profiling: 1397ms
	BeginReloadAssembly (148ms)
		ExecutionOrderSort (0ms)
		DisableScriptedObjects (6ms)
		BackupInstance (0ms)
		ReleaseScriptingObjects (0ms)
		CreateAndSetChildDomain (31ms)
	RebuildCommonClasses (36ms)
	RebuildNativeTypeToScriptingClass (13ms)
	initialDomainReloadingComplete (33ms)
	LoadAllAssembliesAndSetupDomain (226ms)
		LoadAssemblies (282ms)
		RebuildTransferFunctionScriptingTraits (0ms)
		AnalyzeDomain (24ms)
			TypeCache.Refresh (9ms)
				TypeCache.ScanAssembly (0ms)
			ScanForSourceGeneratedMonoScriptInfo (8ms)
			ResolveRequiredComponents (5ms)
	FinalizeReload (941ms)
		ReleaseScriptCaches (0ms)
		RebuildScriptCaches (0ms)
		SetupLoadedEditorAssemblies (414ms)
			LogAssemblyErrors (0ms)
			InitializePlatformSupportModulesInManaged (8ms)
			SetLoadedEditorAssemblies (4ms)
			RefreshPlugins (0ms)
			BeforeProcessingInitializeOnLoad (66ms)
			ProcessInitializeOnLoadAttributes (307ms)
			ProcessInitializeOnLoadMethodAttributes (21ms)
			AfterProcessingInitializeOnLoad (9ms)
			EditorAssembliesLoaded (0ms)
		ExecutionOrderSort2 (0ms)
		AwakeInstancesAfterBackupRestoration (9ms)
Refreshing native plugins compatible for Editor in 2.97 ms, found 3 plugins.
Preloading 0 native plugins for Editor in 0.00 ms.
Unloading 3062 Unused Serialized files (Serialized files now loaded: 0)
Unloading 22 unused Assets / (30.6 KB). Loaded Objects now: 3544.
Memory consumption went from 113.8 MB to 113.8 MB.
Total: 3.251400 ms (FindLiveObjects: 0.437900 ms CreateObjectMapping: 0.114000 ms MarkObjects: 2.647200 ms  DeleteObjects: 0.051100 ms)

Prepare: number of updated asset objects reloaded= 0
AssetImportParameters requested are different than current active one (requested -> active):
  custom:container-demuxer-ogg: 62fdf1f143b41e24485cea50d1cbac27 -> 
  custom:video-decoder-ogg-theora: a1e56fd34408186e4bbccfd4996cb3dc -> 
  custom:framework-win-MediaFoundation: 216162199b28c13a410421893ffa2e32 -> 
  custom:CustomObjectIndexerAttribute: 756ad292c208cfabdd7b50bc23989ffe -> 
  custom:container-demuxer-webm: 4f35f7cbe854078d1ac9338744f61a02 -> 
  custom:container-muxer-webm: aa71ff27fc2769a1b78a27578f13a17b -> 
  custom:video-decoder-webm-vp8: 9c59270c3fd7afecdb556c50c9e8de78 -> 
  custom:SearchIndexIgnoredProperties: e643bd26f0fe6173181afceb89e7c659 -> 
  custom:AudioImporter_EditorPlatform: d09bf68614088b80899f8185d706f6e7 -> 
  custom:video-encoder-webm-vp8: eb34c28f22e8b96e1ab97ce403110664 -> 
  custom:audio-decoder-ogg-vorbis: bf7c407c2cedff20999df2af8eb42d56 -> 
  custom:audio-encoder-webm-vorbis: bf7c407c2cedff20999df2af8eb42d56 -> 
========================================================================
Received Import Request.
  Time since last request: 40.082671 seconds.
  path: Assets/Scenes/SampleScene.unity
  artifactKey: Guid(9fc0d4010bbf28b4594072e72b8655ab) Importer(2089858483,0ecaa5967403d082aa24f35e1b516d23)
Start importing Assets/Scenes/SampleScene.unity using Guid(9fc0d4010bbf28b4594072e72b8655ab) Importer(2089858483,0ecaa5967403d082aa24f35e1b516d23) Generated GUIDs only implemented for interfaces!
 -> (artifact id: '2fee49833ebe5a304de07f9d9878bbcd') in 0.131658 seconds
Number of updated asset objects reloaded before import = 0
Number of asset objects unloaded after import = 1
========================================================================
Received Import Request.
  Time since last request: 0.000021 seconds.
  path: Assets/Cube Environment/Prefab/TreeWinter.prefab
  artifactKey: Guid(c6c4fc5bdf906e544baa2833d596d388) Importer(2089858483,0ecaa5967403d082aa24f35e1b516d23)
Start importing Assets/Cube Environment/Prefab/TreeWinter.prefab using Guid(c6c4fc5bdf906e544baa2833d596d388) Importer(2089858483,0ecaa5967403d082aa24f35e1b516d23) Generated GUIDs only implemented for interfaces!
 -> (artifact id: '05b3133d1c6d0356979ada76be126a72') in 0.084897 seconds
Number of updated asset objects reloaded before import = 0
Number of asset objects unloaded after import = 9
========================================================================
Received Import Request.
  Time since last request: 0.000022 seconds.
  path: Assets/Cube Environment/Materials/StopSing.mtl
  artifactKey: Guid(2f862d1a38d6ca44db1e33d3c6c6593f) Importer(2089858483,0ecaa5967403d082aa24f35e1b516d23)
Start importing Assets/Cube Environment/Materials/StopSing.mtl using Guid(2f862d1a38d6ca44db1e33d3c6c6593f) Importer(2089858483,0ecaa5967403d082aa24f35e1b516d23) Generated GUIDs only implemented for interfaces!
 -> (artifact id: 'dce19e1030922e38b95aeff899c01ec2') in 0.011592 seconds
Number of updated asset objects reloaded before import = 0
Number of asset objects unloaded after import = 1
========================================================================
Received Import Request.
  Time since last request: 0.000032 seconds.
  path: Assets/Cube Environment/Scenes/Demo.unity
  artifactKey: Guid(d5acf666a9ff91e478ce944ad790a726) Importer(2089858483,0ecaa5967403d082aa24f35e1b516d23)
Start importing Assets/Cube Environment/Scenes/Demo.unity using Guid(d5acf666a9ff91e478ce944ad790a726) Importer(2089858483,0ecaa5967403d082aa24f35e1b516d23) Generated GUIDs only implemented for interfaces!
 -> (artifact id: '761fdaafcfadc655ec98f09293eff239') in 0.025031 seconds
Number of updated asset objects reloaded before import = 0
Number of asset objects unloaded after import = 1
========================================================================
Received Import Request.
  Time since last request: 0.000018 seconds.
  path: Assets/Cube Environment/Texture/Color/RecyclingBinBlue.png
  artifactKey: Guid(9a064b731d119934da8a95cd6941ea90) Importer(2089858483,0ecaa5967403d082aa24f35e1b516d23)
Start importing Assets/Cube Environment/Texture/Color/RecyclingBinBlue.png using Guid(9a064b731d119934da8a95cd6941ea90) Importer(2089858483,0ecaa5967403d082aa24f35e1b516d23) Generated GUIDs only implemented for interfaces!
 -> (artifact id: 'a492d3d5170ecc66b7476a03bb16f100') in 0.068920 seconds
Number of updated asset objects reloaded before import = 0
Number of asset objects unloaded after import = 1
========================================================================
Received Import Request.
  Time since last request: 0.000017 seconds.
  path: Assets/Cube Environment/Materials/StreetLight.mtl
  artifactKey: Guid(f917d470a46934b4a828fb2cd01220f4) Importer(2089858483,0ecaa5967403d082aa24f35e1b516d23)
Start importing Assets/Cube Environment/Materials/StreetLight.mtl using Guid(f917d470a46934b4a828fb2cd01220f4) Importer(2089858483,0ecaa5967403d082aa24f35e1b516d23) Generated GUIDs only implemented for interfaces!
 -> (artifact id: '1abe9c7b4be50a081ec49a4bd8eebacb') in 0.012616 seconds
Number of updated asset objects reloaded before import = 0
Number of asset objects unloaded after import = 1
========================================================================
Received Import Request.
  Time since last request: 0.000019 seconds.
  path: Assets/Cube Environment/Texture/Color/TelephonePole.png
  artifactKey: Guid(c05c2b0490acf13418a315ba74e67192) Importer(2089858483,0ecaa5967403d082aa24f35e1b516d23)
Start importing Assets/Cube Environment/Texture/Color/TelephonePole.png using Guid(c05c2b0490acf13418a315ba74e67192) Importer(2089858483,0ecaa5967403d082aa24f35e1b516d23) Generated GUIDs only implemented for interfaces!
 -> (artifact id: 'bc6fefaa3e1f9b57d8c795a2dacd6dca') in 0.031088 seconds
Number of updated asset objects reloaded before import = 0
Number of asset objects unloaded after import = 1
========================================================================
Received Import Request.
  Time since last request: 0.000019 seconds.
  path: Assets/Cube Environment/Materials/WaterBaril.mtl
  artifactKey: Guid(1ba1ee41287dde84787cdf64d3413249) Importer(2089858483,0ecaa5967403d082aa24f35e1b516d23)
Start importing Assets/Cube Environment/Materials/WaterBaril.mtl using Guid(1ba1ee41287dde84787cdf64d3413249) Importer(2089858483,0ecaa5967403d082aa24f35e1b516d23) Generated GUIDs only implemented for interfaces!
 -> (artifact id: 'fc106142a320628d58de000473e39684') in 0.014694 seconds
Number of updated asset objects reloaded before import = 0
Number of asset objects unloaded after import = 1
========================================================================
Received Import Request.
  Time since last request: 0.003495 seconds.
  path: Assets/Cube Environment/Prefab/TreeSummer.prefab
  artifactKey: Guid(705fb2dd0f6040743bdcd0ac9aed0d69) Importer(2089858483,0ecaa5967403d082aa24f35e1b516d23)
Start importing Assets/Cube Environment/Prefab/TreeSummer.prefab using Guid(705fb2dd0f6040743bdcd0ac9aed0d69) Importer(2089858483,0ecaa5967403d082aa24f35e1b516d23) Generated GUIDs only implemented for interfaces!
 -> (artifact id: '0190aa88ec8a35722e30f416c24f0c3f') in 0.016712 seconds
Number of updated asset objects reloaded before import = 0
Number of asset objects unloaded after import = 9
========================================================================
Received Import Request.
  Time since last request: 0.000017 seconds.
  path: Assets/Cube Environment/Prefab/TreeAutumn.prefab
  artifactKey: Guid(7b33b3ca390d6e24c97ecee07eb35f76) Importer(2089858483,0ecaa5967403d082aa24f35e1b516d23)
Start importing Assets/Cube Environment/Prefab/TreeAutumn.prefab using Guid(7b33b3ca390d6e24c97ecee07eb35f76) Importer(2089858483,0ecaa5967403d082aa24f35e1b516d23) Generated GUIDs only implemented for interfaces!
 -> (artifact id: 'e6d7a60b36a84bd76c50597684ef4c65') in 0.019373 seconds
Number of updated asset objects reloaded before import = 0
Number of asset objects unloaded after import = 9
========================================================================
Received Import Request.
  Time since last request: 0.000018 seconds.
  path: Assets/Cube Environment/Models/RecyclingBinBlue.obj
  artifactKey: Guid(30a58a4fc88a7f540a0e9b2fb447e6be) Importer(2089858483,0ecaa5967403d082aa24f35e1b516d23)
Start importing Assets/Cube Environment/Models/RecyclingBinBlue.obj using Guid(30a58a4fc88a7f540a0e9b2fb447e6be) Importer(2089858483,0ecaa5967403d082aa24f35e1b516d23) Generated GUIDs only implemented for interfaces!
 -> (artifact id: 'b5a39255df4d4bfa5e556972d83845c9') in 0.069433 seconds
Number of updated asset objects reloaded before import = 0
Number of asset objects unloaded after import = 10
========================================================================
Received Import Request.
  Time since last request: 0.000021 seconds.
  path: Assets/Cube Environment/Texture/Color/LightPost3.png
  artifactKey: Guid(e4895b5774f9f084793b2cecbedae43e) Importer(2089858483,0ecaa5967403d082aa24f35e1b516d23)
Start importing Assets/Cube Environment/Texture/Color/LightPost3.png using Guid(e4895b5774f9f084793b2cecbedae43e) Importer(2089858483,0ecaa5967403d082aa24f35e1b516d23) Generated GUIDs only implemented for interfaces!
 -> (artifact id: 'f9ad4a1717421bb10e9157d2dcd49800') in 0.033199 seconds
Number of updated asset objects reloaded before import = 0
Number of asset objects unloaded after import = 1
========================================================================
Received Import Request.
  Time since last request: 0.000138 seconds.
  path: Assets/Cube Environment/Materials/FireHydrant.mtl
  artifactKey: Guid(7856320bbc345ca4aa34c38dd3fca626) Importer(2089858483,0ecaa5967403d082aa24f35e1b516d23)
Start importing Assets/Cube Environment/Materials/FireHydrant.mtl using Guid(7856320bbc345ca4aa34c38dd3fca626) Importer(2089858483,0ecaa5967403d082aa24f35e1b516d23) Generated GUIDs only implemented for interfaces!
 -> (artifact id: '8947303b893eb8a362e8e68ecb16ee82') in 0.012088 seconds
Number of updated asset objects reloaded before import = 0
Number of asset objects unloaded after import = 1
========================================================================
Received Import Request.
  Time since last request: 0.000057 seconds.
  path: Assets/Cube Environment/Models/Road1.obj
  artifactKey: Guid(50f256e486287b54ab6c284cab390033) Importer(2089858483,0ecaa5967403d082aa24f35e1b516d23)
Start importing Assets/Cube Environment/Models/Road1.obj using Guid(50f256e486287b54ab6c284cab390033) Importer(2089858483,0ecaa5967403d082aa24f35e1b516d23) Generated GUIDs only implemented for interfaces!
 -> (artifact id: 'a8ac8dcb1ae380d44256c8a4089c0153') in 0.032467 seconds
Number of updated asset objects reloaded before import = 0
Number of asset objects unloaded after import = 10
========================================================================
Received Import Request.
  Time since last request: 0.000020 seconds.
  path: Assets/Cube Environment/Prefab/RecyclingBinGreen.prefab
  artifactKey: Guid(6bc44f07a62ba6a4c986463a719a25d6) Importer(2089858483,0ecaa5967403d082aa24f35e1b516d23)
Start importing Assets/Cube Environment/Prefab/RecyclingBinGreen.prefab using Guid(6bc44f07a62ba6a4c986463a719a25d6) Importer(2089858483,0ecaa5967403d082aa24f35e1b516d23) Generated GUIDs only implemented for interfaces!
 -> (artifact id: '740014c7ddadee1c31b0866f727baef6') in 0.014417 seconds
Number of updated asset objects reloaded before import = 0
Number of asset objects unloaded after import = 9
========================================================================
Received Import Request.
  Time since last request: 0.000018 seconds.
  path: Assets/Cube Environment/Prefab/LightPost2.prefab
  artifactKey: Guid(fe51e8253e8220c43b60c63c53945a21) Importer(2089858483,0ecaa5967403d082aa24f35e1b516d23)
Start importing Assets/Cube Environment/Prefab/LightPost2.prefab using Guid(fe51e8253e8220c43b60c63c53945a21) Importer(2089858483,0ecaa5967403d082aa24f35e1b516d23) Generated GUIDs only implemented for interfaces!
 -> (artifact id: '0c42b64881c08bee6c75b116fff7e79c') in 0.013166 seconds
Number of updated asset objects reloaded before import = 0
Number of asset objects unloaded after import = 9
========================================================================
Received Import Request.
  Time since last request: 0.000020 seconds.
  path: Assets/Cube Environment/Models/TreeAutumn.obj
  artifactKey: Guid(a1ca300255e7d8e49bc3f62daf22702a) Importer(2089858483,0ecaa5967403d082aa24f35e1b516d23)
Start importing Assets/Cube Environment/Models/TreeAutumn.obj using Guid(a1ca300255e7d8e49bc3f62daf22702a) Importer(2089858483,0ecaa5967403d082aa24f35e1b516d23) Generated GUIDs only implemented for interfaces!
 -> (artifact id: 'c13c5565ead02bf79f7b9f087d2c4668') in 0.030996 seconds
Number of updated asset objects reloaded before import = 0
Number of asset objects unloaded after import = 10
========================================================================
Received Import Request.
  Time since last request: 0.000018 seconds.
  path: Assets/Cube Environment/Texture/Color/StreetLight.png
  artifactKey: Guid(e69efb98fafee7f4e892c897c502f165) Importer(2089858483,0ecaa5967403d082aa24f35e1b516d23)
Start importing Assets/Cube Environment/Texture/Color/StreetLight.png using Guid(e69efb98fafee7f4e892c897c502f165) Importer(2089858483,0ecaa5967403d082aa24f35e1b516d23) Generated GUIDs only implemented for interfaces!
 -> (artifact id: '53caae1bf65762d03e93a1ec64fa0b64') in 0.050918 seconds
Number of updated asset objects reloaded before import = 0
Number of asset objects unloaded after import = 1
========================================================================
Received Import Request.
  Time since last request: 0.000018 seconds.
  path: Assets/Cube Environment/Models/LightPost3.obj
  artifactKey: Guid(7bf4d58e5abf8e348bd35eec99605588) Importer(2089858483,0ecaa5967403d082aa24f35e1b516d23)
Start importing Assets/Cube Environment/Models/LightPost3.obj using Guid(7bf4d58e5abf8e348bd35eec99605588) Importer(2089858483,0ecaa5967403d082aa24f35e1b516d23) Generated GUIDs only implemented for interfaces!
 -> (artifact id: '3d83b4b2577b1f3b5da42cbca35da676') in 0.037941 seconds
Number of updated asset objects reloaded before import = 0
Number of asset objects unloaded after import = 10
========================================================================
Received Import Request.
  Time since last request: 0.000263 seconds.
  path: Assets/Cube Environment/Materials/TreeSummer.mtl
  artifactKey: Guid(0799a79efa2854a49a44596584a8b3d5) Importer(2089858483,0ecaa5967403d082aa24f35e1b516d23)
Start importing Assets/Cube Environment/Materials/TreeSummer.mtl using Guid(0799a79efa2854a49a44596584a8b3d5) Importer(2089858483,0ecaa5967403d082aa24f35e1b516d23) Generated GUIDs only implemented for interfaces!
 -> (artifact id: '1a187c1de89b393cf03b202a88f06324') in 0.012031 seconds
Number of updated asset objects reloaded before import = 0
Number of asset objects unloaded after import = 1
========================================================================
Received Import Request.
  Time since last request: 0.000020 seconds.
  path: Assets/Cube Environment/Texture/Color/WaterBaril.png
  artifactKey: Guid(a92254ec93d08f44c84bc202ff5e2c41) Importer(2089858483,0ecaa5967403d082aa24f35e1b516d23)
Start importing Assets/Cube Environment/Texture/Color/WaterBaril.png using Guid(a92254ec93d08f44c84bc202ff5e2c41) Importer(2089858483,0ecaa5967403d082aa24f35e1b516d23) Generated GUIDs only implemented for interfaces!
 -> (artifact id: '019982d8488cb917b32f11595e6bce3c') in 0.038814 seconds
Number of updated asset objects reloaded before import = 0
Number of asset objects unloaded after import = 1
========================================================================
Received Import Request.
  Time since last request: 0.000021 seconds.
  path: Assets/Cube Environment/Texture/Color/TrafficCone.png
  artifactKey: Guid(4dc0c1d3a31c8dd4e83c1531711bb9d1) Importer(2089858483,0ecaa5967403d082aa24f35e1b516d23)
Start importing Assets/Cube Environment/Texture/Color/TrafficCone.png using Guid(4dc0c1d3a31c8dd4e83c1531711bb9d1) Importer(2089858483,0ecaa5967403d082aa24f35e1b516d23) Generated GUIDs only implemented for interfaces!
 -> (artifact id: '77b12ee8b130e78f7f8d8e11affb1005') in 0.032723 seconds
Number of updated asset objects reloaded before import = 0
Number of asset objects unloaded after import = 1
========================================================================
Received Import Request.
  Time since last request: 0.000044 seconds.
  path: Assets/Cube Environment/Texture/Materials/Grass.mat
  artifactKey: Guid(c7b7496c834724140b5533bbff713ad8) Importer(2089858483,0ecaa5967403d082aa24f35e1b516d23)
Start importing Assets/Cube Environment/Texture/Materials/Grass.mat using Guid(c7b7496c834724140b5533bbff713ad8) Importer(2089858483,0ecaa5967403d082aa24f35e1b516d23) Generated GUIDs only implemented for interfaces!
 -> (artifact id: '5528a11335029be1fcd511b14c2d9770') in 0.015062 seconds
Number of updated asset objects reloaded before import = 0
Number of asset objects unloaded after import = 2
========================================================================
Received Import Request.
  Time since last request: 0.000014 seconds.
  path: Assets/Cube Environment/Texture/Color/Road2.png
  artifactKey: Guid(3b1718d654a6c2f4098da9564b8a572f) Importer(2089858483,0ecaa5967403d082aa24f35e1b516d23)
Start importing Assets/Cube Environment/Texture/Color/Road2.png using Guid(3b1718d654a6c2f4098da9564b8a572f) Importer(2089858483,0ecaa5967403d082aa24f35e1b516d23) Generated GUIDs only implemented for interfaces!
 -> (artifact id: '7d249fc676fb9061ac78c4ed13262c7c') in 0.034352 seconds
Number of updated asset objects reloaded before import = 0
Number of asset objects unloaded after import = 1
========================================================================
Received Import Request.
  Time since last request: 0.000019 seconds.
  path: Assets/Cube Environment/Materials/TrafficCone.mtl
  artifactKey: Guid(e3f4effdac3662e498a3baa683d125df) Importer(2089858483,0ecaa5967403d082aa24f35e1b516d23)
Start importing Assets/Cube Environment/Materials/TrafficCone.mtl using Guid(e3f4effdac3662e498a3baa683d125df) Importer(2089858483,0ecaa5967403d082aa24f35e1b516d23) Generated GUIDs only implemented for interfaces!
 -> (artifact id: 'a86daabb931894c0ce383076494a463f') in 0.011933 seconds
Number of updated asset objects reloaded before import = 0
Number of asset objects unloaded after import = 1
========================================================================
Received Import Request.
  Time since last request: 0.000013 seconds.
  path: Assets/Cube Environment/Texture/Materials/WaterBaril.mat
  artifactKey: Guid(a9d5d5672a78dc04287ed6fde0dba5c4) Importer(2089858483,0ecaa5967403d082aa24f35e1b516d23)
Start importing Assets/Cube Environment/Texture/Materials/WaterBaril.mat using Guid(a9d5d5672a78dc04287ed6fde0dba5c4) Importer(2089858483,0ecaa5967403d082aa24f35e1b516d23) Generated GUIDs only implemented for interfaces!
 -> (artifact id: '4b0462662d691183135a758bc348be89') in 0.014818 seconds
Number of updated asset objects reloaded before import = 0
Number of asset objects unloaded after import = 2
========================================================================
Received Import Request.
  Time since last request: 0.000041 seconds.
  path: Assets/Cube Environment/Prefab/WaterBaril.prefab
  artifactKey: Guid(e77bf95d2d440674f87207b36add316a) Importer(2089858483,0ecaa5967403d082aa24f35e1b516d23)
Start importing Assets/Cube Environment/Prefab/WaterBaril.prefab using Guid(e77bf95d2d440674f87207b36add316a) Importer(2089858483,0ecaa5967403d082aa24f35e1b516d23) Generated GUIDs only implemented for interfaces!
 -> (artifact id: '6f2afb6d9dddbb02027c48abc5e3606c') in 0.019204 seconds
Number of updated asset objects reloaded before import = 0
Number of asset objects unloaded after import = 9
========================================================================
Received Import Request.
  Time since last request: 0.000018 seconds.
  path: Assets/Cube Environment/Texture/Color/Rock.png
  artifactKey: Guid(ee12ecb1155bad14a85acbd627d859a3) Importer(2089858483,0ecaa5967403d082aa24f35e1b516d23)
Start importing Assets/Cube Environment/Texture/Color/Rock.png using Guid(ee12ecb1155bad14a85acbd627d859a3) Importer(2089858483,0ecaa5967403d082aa24f35e1b516d23) Generated GUIDs only implemented for interfaces!
 -> (artifact id: 'aa3b5d6dae3abb40ddaa68dd0faba331') in 0.032270 seconds
Number of updated asset objects reloaded before import = 0
Number of asset objects unloaded after import = 1
========================================================================
Received Import Request.
  Time since last request: 0.000019 seconds.
  path: Assets/Cube Environment/Prefab/Light Post1.prefab
  artifactKey: Guid(072c629a501c81949a6ec711755bd474) Importer(2089858483,0ecaa5967403d082aa24f35e1b516d23)
Start importing Assets/Cube Environment/Prefab/Light Post1.prefab using Guid(072c629a501c81949a6ec711755bd474) Importer(2089858483,0ecaa5967403d082aa24f35e1b516d23) Generated GUIDs only implemented for interfaces!
 -> (artifact id: 'f8e22955f1b04fa2f57e10aafc348153') in 0.020486 seconds
Number of updated asset objects reloaded before import = 0
Number of asset objects unloaded after import = 9
========================================================================
Received Import Request.
  Time since last request: 0.000019 seconds.
  path: Assets/Cube Environment/Texture/Materials/TrafficCone.mat
  artifactKey: Guid(010e149cf959a5b4db9efefaec1cf5b7) Importer(2089858483,0ecaa5967403d082aa24f35e1b516d23)
Start importing Assets/Cube Environment/Texture/Materials/TrafficCone.mat using Guid(010e149cf959a5b4db9efefaec1cf5b7) Importer(2089858483,0ecaa5967403d082aa24f35e1b516d23) Generated GUIDs only implemented for interfaces!
 -> (artifact id: 'b1582f198a647033f0a38897f3f076d6') in 0.014989 seconds
Number of updated asset objects reloaded before import = 0
Number of asset objects unloaded after import = 2
========================================================================
Received Import Request.
  Time since last request: 0.000020 seconds.
  path: Assets/Cube Environment/Texture/Materials/TreeSummer.mat
  artifactKey: Guid(8609b3666876b2747ba417e45635de99) Importer(2089858483,0ecaa5967403d082aa24f35e1b516d23)
Start importing Assets/Cube Environment/Texture/Materials/TreeSummer.mat using Guid(8609b3666876b2747ba417e45635de99) Importer(2089858483,0ecaa5967403d082aa24f35e1b516d23) Generated GUIDs only implemented for interfaces!
 -> (artifact id: '51848cb2b8606fa6a3cc71918ff98641') in 0.016211 seconds
Number of updated asset objects reloaded before import = 0
Number of asset objects unloaded after import = 2
========================================================================
Received Import Request.
  Time since last request: 0.000020 seconds.
  path: Assets/Cube Environment/Texture/Color/StopSing.png
  artifactKey: Guid(5eb0c3f2f89e2cc43b22be2201d1498e) Importer(2089858483,0ecaa5967403d082aa24f35e1b516d23)
Start importing Assets/Cube Environment/Texture/Color/StopSing.png using Guid(5eb0c3f2f89e2cc43b22be2201d1498e) Importer(2089858483,0ecaa5967403d082aa24f35e1b516d23) Generated GUIDs only implemented for interfaces!
 -> (artifact id: '82e255069bab47e3fa2ffaf4b97f1fd0') in 0.031922 seconds
Number of updated asset objects reloaded before import = 0
Number of asset objects unloaded after import = 1
========================================================================
Received Import Request.
  Time since last request: 0.000021 seconds.
  path: Assets/Cube Environment/Materials/Trash Can.mtl
  artifactKey: Guid(64e35841755693d4eb292b72afd5a6a6) Importer(2089858483,0ecaa5967403d082aa24f35e1b516d23)
Start importing Assets/Cube Environment/Materials/Trash Can.mtl using Guid(64e35841755693d4eb292b72afd5a6a6) Importer(2089858483,0ecaa5967403d082aa24f35e1b516d23) Generated GUIDs only implemented for interfaces!
 -> (artifact id: '66994498ed21e9c22a56e32b204d63bb') in 0.011821 seconds
Number of updated asset objects reloaded before import = 0
Number of asset objects unloaded after import = 1
========================================================================
Received Import Request.
  Time since last request: 0.000029 seconds.
  path: Assets/Cube Environment/Materials/Rock.mtl
  artifactKey: Guid(29f67b9c285402e4ca1e0ce16368a2a3) Importer(2089858483,0ecaa5967403d082aa24f35e1b516d23)
Start importing Assets/Cube Environment/Materials/Rock.mtl using Guid(29f67b9c285402e4ca1e0ce16368a2a3) Importer(2089858483,0ecaa5967403d082aa24f35e1b516d23) Generated GUIDs only implemented for interfaces!
 -> (artifact id: 'a7613dc880949734ae9feb2c084e6735') in 0.013333 seconds
Number of updated asset objects reloaded before import = 0
Number of asset objects unloaded after import = 1
========================================================================
Received Import Request.
  Time since last request: 0.000019 seconds.
  path: Assets/Cube Environment/Texture/Materials/Road2.mat
  artifactKey: Guid(e5d4abacf5e07784d8efe3dac8cc1496) Importer(2089858483,0ecaa5967403d082aa24f35e1b516d23)
Start importing Assets/Cube Environment/Texture/Materials/Road2.mat using Guid(e5d4abacf5e07784d8efe3dac8cc1496) Importer(2089858483,0ecaa5967403d082aa24f35e1b516d23) Generated GUIDs only implemented for interfaces!
 -> (artifact id: '39474a0fcbe6adc547ec59d6c4fd6a5a') in 0.018466 seconds
Number of updated asset objects reloaded before import = 0
Number of asset objects unloaded after import = 2
========================================================================
Received Import Request.
  Time since last request: 0.000019 seconds.
  path: Assets/Cube Environment/Models/Rock.obj
  artifactKey: Guid(be14c25b37b7ef245a315a57a3691957) Importer(2089858483,0ecaa5967403d082aa24f35e1b516d23)
Start importing Assets/Cube Environment/Models/Rock.obj using Guid(be14c25b37b7ef245a315a57a3691957) Importer(2089858483,0ecaa5967403d082aa24f35e1b516d23) Generated GUIDs only implemented for interfaces!
 -> (artifact id: '8fba076fc18a54bf65712cc07bcbeea1') in 0.032630 seconds
Number of updated asset objects reloaded before import = 0
Number of asset objects unloaded after import = 10
========================================================================
Received Import Request.
  Time since last request: 0.000201 seconds.
  path: Assets/Cube Environment/Texture/Materials/RecyclingBinGreen.mat
  artifactKey: Guid(4e71f2fb11a8a184aa37e98b3a04fba3) Importer(2089858483,0ecaa5967403d082aa24f35e1b516d23)
Start importing Assets/Cube Environment/Texture/Materials/RecyclingBinGreen.mat using Guid(4e71f2fb11a8a184aa37e98b3a04fba3) Importer(2089858483,0ecaa5967403d082aa24f35e1b516d23) Generated GUIDs only implemented for interfaces!
 -> (artifact id: '96039088f8fb168f6b7aa5d1d6a7f786') in 0.017348 seconds
Number of updated asset objects reloaded before import = 0
Number of asset objects unloaded after import = 2
========================================================================
Received Import Request.
  Time since last request: 0.000031 seconds.
  path: Assets/Cube Environment/Materials/Road1.mtl
  artifactKey: Guid(ba1aa9696b9b2ba448028af17774ae52) Importer(2089858483,0ecaa5967403d082aa24f35e1b516d23)
Start importing Assets/Cube Environment/Materials/Road1.mtl using Guid(ba1aa9696b9b2ba448028af17774ae52) Importer(2089858483,0ecaa5967403d082aa24f35e1b516d23) Generated GUIDs only implemented for interfaces!
 -> (artifact id: '2a9e1d05733f604a4530bb29fa1b69aa') in 0.013553 seconds
Number of updated asset objects reloaded before import = 0
Number of asset objects unloaded after import = 1
========================================================================
Received Import Request.
  Time since last request: 0.000020 seconds.
  path: Assets/Cube Environment/Texture/Materials/TelephonePole.mat
  artifactKey: Guid(a935600d588f4644291c2eebed292f31) Importer(2089858483,0ecaa5967403d082aa24f35e1b516d23)
Start importing Assets/Cube Environment/Texture/Materials/TelephonePole.mat using Guid(a935600d588f4644291c2eebed292f31) Importer(2089858483,0ecaa5967403d082aa24f35e1b516d23) Generated GUIDs only implemented for interfaces!
 -> (artifact id: '39219f500ce89fb5d1effc8108f4d757') in 0.015475 seconds
Number of updated asset objects reloaded before import = 0
Number of asset objects unloaded after import = 2
========================================================================
Received Import Request.
  Time since last request: 0.000019 seconds.
  path: Assets/Cube Environment/Models/Road2.obj
  artifactKey: Guid(1b04b01cf88dbb2488cbda23deaa1bba) Importer(2089858483,0ecaa5967403d082aa24f35e1b516d23)
Start importing Assets/Cube Environment/Models/Road2.obj using Guid(1b04b01cf88dbb2488cbda23deaa1bba) Importer(2089858483,0ecaa5967403d082aa24f35e1b516d23) Generated GUIDs only implemented for interfaces!
 -> (artifact id: 'a05ea24faeaee4df9cf7865ba4f985ac') in 0.028711 seconds
Number of updated asset objects reloaded before import = 0
Number of asset objects unloaded after import = 10
========================================================================
Received Import Request.
  Time since last request: 0.000019 seconds.
  path: Assets/Cube Environment/Materials/Grass.mtl
  artifactKey: Guid(56beeccf8260c2349a2ec4c2dcf2dbba) Importer(2089858483,0ecaa5967403d082aa24f35e1b516d23)
Start importing Assets/Cube Environment/Materials/Grass.mtl using Guid(56beeccf8260c2349a2ec4c2dcf2dbba) Importer(2089858483,0ecaa5967403d082aa24f35e1b516d23) Generated GUIDs only implemented for interfaces!
 -> (artifact id: '0ff1c527c992e2e4ce67a7c6b712706d') in 0.011231 seconds
Number of updated asset objects reloaded before import = 0
Number of asset objects unloaded after import = 1
========================================================================
Received Import Request.
  Time since last request: 0.000029 seconds.
  path: Assets/Cube Environment/Prefab/TrashCan.prefab
  artifactKey: Guid(09ea8abf901b66e4f87b63c4620a1d63) Importer(2089858483,0ecaa5967403d082aa24f35e1b516d23)
Start importing Assets/Cube Environment/Prefab/TrashCan.prefab using Guid(09ea8abf901b66e4f87b63c4620a1d63) Importer(2089858483,0ecaa5967403d082aa24f35e1b516d23) Generated GUIDs only implemented for interfaces!
 -> (artifact id: '4f8346eb7cfbd4c8ceb3b9209a5c9284') in 0.014813 seconds
Number of updated asset objects reloaded before import = 0
Number of asset objects unloaded after import = 9
========================================================================
Received Import Request.
  Time since last request: 0.000021 seconds.
  path: Assets/Cube Environment/Materials/Road2.mtl
  artifactKey: Guid(2073a4e10e4b79d418917c24c801bbeb) Importer(2089858483,0ecaa5967403d082aa24f35e1b516d23)
Start importing Assets/Cube Environment/Materials/Road2.mtl using Guid(2073a4e10e4b79d418917c24c801bbeb) Importer(2089858483,0ecaa5967403d082aa24f35e1b516d23) Generated GUIDs only implemented for interfaces!
 -> (artifact id: '1394435cee46c2c5f2d7a0760ff8c480') in 0.015077 seconds
Number of updated asset objects reloaded before import = 0
Number of asset objects unloaded after import = 1
========================================================================
Received Import Request.
  Time since last request: 0.000019 seconds.
  path: Assets/Cube Environment/Models/TrashCan.obj
  artifactKey: Guid(586609a9aa96f014b8cf7a07aeac1d93) Importer(2089858483,0ecaa5967403d082aa24f35e1b516d23)
Start importing Assets/Cube Environment/Models/TrashCan.obj using Guid(586609a9aa96f014b8cf7a07aeac1d93) Importer(2089858483,0ecaa5967403d082aa24f35e1b516d23) Generated GUIDs only implemented for interfaces!
 -> (artifact id: '066e6eebc8762cac31c9ef980c3778b9') in 0.029051 seconds
Number of updated asset objects reloaded before import = 0
Number of asset objects unloaded after import = 10
========================================================================
Received Import Request.
  Time since last request: 0.000022 seconds.
  path: Assets/Cube Environment/Texture/Color/TreeAutumn.png
  artifactKey: Guid(9e71f56d226bbd547a752ad314f9fd47) Importer(2089858483,0ecaa5967403d082aa24f35e1b516d23)
Start importing Assets/Cube Environment/Texture/Color/TreeAutumn.png using Guid(9e71f56d226bbd547a752ad314f9fd47) Importer(2089858483,0ecaa5967403d082aa24f35e1b516d23) Generated GUIDs only implemented for interfaces!
 -> (artifact id: '69a3fbe6903490cb0e1a8bc36e0088e1') in 0.039655 seconds
Number of updated asset objects reloaded before import = 0
Number of asset objects unloaded after import = 1
========================================================================
Received Import Request.
  Time since last request: 0.000030 seconds.
  path: Assets/Cube Environment/Prefab/Rock.prefab
  artifactKey: Guid(c5e4208a36577ee4b8469d4506267b93) Importer(2089858483,0ecaa5967403d082aa24f35e1b516d23)
Start importing Assets/Cube Environment/Prefab/Rock.prefab using Guid(c5e4208a36577ee4b8469d4506267b93) Importer(2089858483,0ecaa5967403d082aa24f35e1b516d23) Generated GUIDs only implemented for interfaces!
 -> (artifact id: '9edaee9370c6420bd40d68af90cd9347') in 0.013076 seconds
Number of updated asset objects reloaded before import = 0
Number of asset objects unloaded after import = 9
========================================================================
Received Import Request.
  Time since last request: 0.000025 seconds.
  path: Assets/Cube Environment/Texture/Color/Road1.png
  artifactKey: Guid(2ecc17e045a92cd4ab4d35f98cd37b55) Importer(2089858483,0ecaa5967403d082aa24f35e1b516d23)
Start importing Assets/Cube Environment/Texture/Color/Road1.png using Guid(2ecc17e045a92cd4ab4d35f98cd37b55) Importer(2089858483,0ecaa5967403d082aa24f35e1b516d23) Generated GUIDs only implemented for interfaces!
 -> (artifact id: 'f407d06623c75ad51a6b413ab65e26e0') in 0.061199 seconds
Number of updated asset objects reloaded before import = 0
Number of asset objects unloaded after import = 1
========================================================================
Received Import Request.
  Time since last request: 0.000381 seconds.
  path: Assets/Cube Environment/Texture/Materials/Trash Can.mat
  artifactKey: Guid(b09d750e6ceae5b4f81b026d3c50775b) Importer(2089858483,0ecaa5967403d082aa24f35e1b516d23)
Start importing Assets/Cube Environment/Texture/Materials/Trash Can.mat using Guid(b09d750e6ceae5b4f81b026d3c50775b) Importer(2089858483,0ecaa5967403d082aa24f35e1b516d23) Generated GUIDs only implemented for interfaces!
 -> (artifact id: '6811cbe9ac98aafb67a42cb6867e60cd') in 0.016321 seconds
Number of updated asset objects reloaded before import = 0
Number of asset objects unloaded after import = 2
========================================================================
Received Import Request.
  Time since last request: 0.000015 seconds.
  path: Assets/Cube Environment/Materials/TreeAutumn.mtl
  artifactKey: Guid(3aa724bab0458314089877afac340d8c) Importer(2089858483,0ecaa5967403d082aa24f35e1b516d23)
Start importing Assets/Cube Environment/Materials/TreeAutumn.mtl using Guid(3aa724bab0458314089877afac340d8c) Importer(2089858483,0ecaa5967403d082aa24f35e1b516d23) Generated GUIDs only implemented for interfaces!
 -> (artifact id: '170b120398de3bd5fa0a88d9b7eb9d15') in 0.023817 seconds
Number of updated asset objects reloaded before import = 0
Number of asset objects unloaded after import = 1
========================================================================
Received Import Request.
  Time since last request: 0.000019 seconds.
  path: Assets/Cube Environment/Models/WaterBaril.obj
  artifactKey: Guid(c27f5ecbacece0f4691f64d5fceb65fb) Importer(2089858483,0ecaa5967403d082aa24f35e1b516d23)
Start importing Assets/Cube Environment/Models/WaterBaril.obj using Guid(c27f5ecbacece0f4691f64d5fceb65fb) Importer(2089858483,0ecaa5967403d082aa24f35e1b516d23) Generated GUIDs only implemented for interfaces!
 -> (artifact id: '274a9738d2a3f13a9ae783ea8c52751b') in 0.026068 seconds
Number of updated asset objects reloaded before import = 0
Number of asset objects unloaded after import = 10
========================================================================
Received Import Request.
  Time since last request: 0.000020 seconds.
  path: Assets/Cube Environment/Models/RoadBlock.obj
  artifactKey: Guid(6a09721341fbece498ca60087c5988fd) Importer(2089858483,0ecaa5967403d082aa24f35e1b516d23)
Start importing Assets/Cube Environment/Models/RoadBlock.obj using Guid(6a09721341fbece498ca60087c5988fd) Importer(2089858483,0ecaa5967403d082aa24f35e1b516d23) Generated GUIDs only implemented for interfaces!
 -> (artifact id: '09cc69e965be63e7b3ade9c4669f35ab') in 0.026706 seconds
Number of updated asset objects reloaded before import = 0
Number of asset objects unloaded after import = 10
========================================================================
Received Import Request.
  Time since last request: 0.000019 seconds.
  path: Assets/Cube Environment/Texture/Materials/TreeAutumn.mat
  artifactKey: Guid(891420363bb43254b9f53fb075ae2474) Importer(2089858483,0ecaa5967403d082aa24f35e1b516d23)
Start importing Assets/Cube Environment/Texture/Materials/TreeAutumn.mat using Guid(891420363bb43254b9f53fb075ae2474) Importer(2089858483,0ecaa5967403d082aa24f35e1b516d23) Generated GUIDs only implemented for interfaces!
 -> (artifact id: 'fc73e714c37c05d15ae79e83248214dc') in 0.023721 seconds
Number of updated asset objects reloaded before import = 0
Number of asset objects unloaded after import = 2
========================================================================
Received Import Request.
  Time since last request: 0.002451 seconds.
  path: Assets/Cube Environment/Texture/Color/LightPost2.png
  artifactKey: Guid(d90252ad201a1ca4a8e0d95907993046) Importer(2089858483,0ecaa5967403d082aa24f35e1b516d23)
Start importing Assets/Cube Environment/Texture/Color/LightPost2.png using Guid(d90252ad201a1ca4a8e0d95907993046) Importer(2089858483,0ecaa5967403d082aa24f35e1b516d23) Generated GUIDs only implemented for interfaces!
 -> (artifact id: '89383e2a1cae0b6959adea8db07d25ca') in 0.041669 seconds
Number of updated asset objects reloaded before import = 0
Number of asset objects unloaded after import = 1
========================================================================
Received Import Request.
  Time since last request: 0.000017 seconds.
  path: Assets/Cube Environment/Texture/Materials/RoadBlock.mat
  artifactKey: Guid(179288914de2db441ae7547d170ccd91) Importer(2089858483,0ecaa5967403d082aa24f35e1b516d23)
Start importing Assets/Cube Environment/Texture/Materials/RoadBlock.mat using Guid(179288914de2db441ae7547d170ccd91) Importer(2089858483,0ecaa5967403d082aa24f35e1b516d23) Generated GUIDs only implemented for interfaces!
 -> (artifact id: '9be14b6cf781dc6f7fec2b6defe4224e') in 0.015550 seconds
Number of updated asset objects reloaded before import = 0
Number of asset objects unloaded after import = 2
========================================================================
Received Import Request.
  Time since last request: 0.000018 seconds.
  path: Assets/Cube Environment/Prefab/Road2.prefab
  artifactKey: Guid(01d409465c80d58498ec0df83c17e6db) Importer(2089858483,0ecaa5967403d082aa24f35e1b516d23)
Start importing Assets/Cube Environment/Prefab/Road2.prefab using Guid(01d409465c80d58498ec0df83c17e6db) Importer(2089858483,0ecaa5967403d082aa24f35e1b516d23) Generated GUIDs only implemented for interfaces!
 -> (artifact id: 'e9f5bdbc4992b71f9f82201c281013b6') in 0.016683 seconds
Number of updated asset objects reloaded before import = 0
Number of asset objects unloaded after import = 9
========================================================================
Received Import Request.
  Time since last request: 0.000019 seconds.
  path: Assets/Cube Environment/Prefab/RoadBlock.prefab
  artifactKey: Guid(fcac0b43c6d59ba49afa844ab64f36b9) Importer(2089858483,0ecaa5967403d082aa24f35e1b516d23)
Start importing Assets/Cube Environment/Prefab/RoadBlock.prefab using Guid(fcac0b43c6d59ba49afa844ab64f36b9) Importer(2089858483,0ecaa5967403d082aa24f35e1b516d23) Generated GUIDs only implemented for interfaces!
 -> (artifact id: 'e89c31f3a4f23cd14b49cdd969bd6649') in 0.019449 seconds
Number of updated asset objects reloaded before import = 0
Number of asset objects unloaded after import = 9
Editor requested this worker to shutdown with reason: Scaling down because of idle timeout
TcpMessagingSession - receive error: operation aborted. errorcode: 995, details: Lopration dentre/sortie a t abandonne en raison de larrt dun thread ou  la demande dune application.
AssetImportWorker is now disconnected from the server
Process exiting
Exiting without the bug reporter. Application will terminate with return code 0